2017-08-22 17:31:44 SQL Error :
------------
String:
SQL: <br/>SELECT * FROM `ims_stat_visit` WHERE `date` =  :__date_1 AND `uniacid` =  :__uniacid_2 AND `module` =  :__module_3  LIMIT 1<hr/>Params: <br/>array (
  ':__date_1' => '20170822',
  ':__uniacid_2' => 2,
  ':__module_3' => 'wesite',
)<hr/>SQL Error: <br/>Table 'njzhsq.ims_stat_visit' doesn't exist<hr/>Traces: <br/>file: /framework/class/db.class.php; line: 167; <br />file: /framework/class/db.class.php; line: 227; <br />file: /framework/function/pdo.func.php; line: 49; <br />file: /framework/model/app.mod.php; line: 54; <br />file: /app/source/utility/visit.ctrl.php; line: 9; <br />file: /app/index.php; line: 115; <br />

2017-08-22 17:31:44 SQL Error :
------------
String:
SQL: <br/>INSERT INTO `ims_stat_visit` SET `uniacid` =  :uniacid_1 , `module` =  :module_2 , `date` =  :date_3 , `count` =  :count_4<hr/>Params: <br/>array (
  ':uniacid_1' => 2,
  ':module_2' => 'wesite',
  ':date_3' => '20170822',
  ':count_4' => 1,
)<hr/>SQL Error: <br/>Table 'njzhsq.ims_stat_visit' doesn't exist<hr/>Traces: <br/>file: /framework/class/db.class.php; line: 115; <br />file: /framework/class/db.class.php; line: 285; <br />file: /framework/function/pdo.func.php; line: 71; <br />file: /framework/model/app.mod.php; line: 62; <br />file: /app/source/utility/visit.ctrl.php; line: 9; <br />file: /app/index.php; line: 115; <br />

2017-08-22 17:32:05 SQL Error :
------------
String:
SQL: <br/>SELECT * FROM `ims_stat_visit` WHERE `date` =  :__date_1 AND `uniacid` =  :__uniacid_2 AND `module` =  :__module_3  LIMIT 1<hr/>Params: <br/>array (
  ':__date_1' => '20170822',
  ':__uniacid_2' => 2,
  ':__module_3' => 'wesite',
)<hr/>SQL Error: <br/>Table 'njzhsq.ims_stat_visit' doesn't exist<hr/>Traces: <br/>file: /framework/class/db.class.php; line: 167; <br />file: /framework/class/db.class.php; line: 227; <br />file: /framework/function/pdo.func.php; line: 49; <br />file: /framework/model/app.mod.php; line: 54; <br />file: /app/source/utility/visit.ctrl.php; line: 9; <br />file: /app/index.php; line: 115; <br />

2017-08-22 17:32:05 SQL Error :
------------
String:
SQL: <br/>INSERT INTO `ims_stat_visit` SET `uniacid` =  :uniacid_1 , `module` =  :module_2 , `date` =  :date_3 , `count` =  :count_4<hr/>Params: <br/>array (
  ':uniacid_1' => 2,
  ':module_2' => 'wesite',
  ':date_3' => '20170822',
  ':count_4' => 1,
)<hr/>SQL Error: <br/>Table 'njzhsq.ims_stat_visit' doesn't exist<hr/>Traces: <br/>file: /framework/class/db.class.php; line: 115; <br />file: /framework/class/db.class.php; line: 285; <br />file: /framework/function/pdo.func.php; line: 71; <br />file: /framework/model/app.mod.php; line: 62; <br />file: /app/source/utility/visit.ctrl.php; line: 9; <br />file: /app/index.php; line: 115; <br />

2017-08-22 17:32:51 SQL Error :
------------
String:
SQL: <br/>SELECT * FROM `ims_stat_visit` WHERE `date` =  :__date_1 AND `uniacid` =  :__uniacid_2 AND `module` =  :__module_3  LIMIT 1<hr/>Params: <br/>array (
  ':__date_1' => '20170822',
  ':__uniacid_2' => 2,
  ':__module_3' => 'wesite',
)<hr/>SQL Error: <br/>Table 'njzhsq.ims_stat_visit' doesn't exist<hr/>Traces: <br/>file: /framework/class/db.class.php; line: 167; <br />file: /framework/class/db.class.php; line: 227; <br />file: /framework/function/pdo.func.php; line: 49; <br />file: /framework/model/app.mod.php; line: 54; <br />file: /app/source/utility/visit.ctrl.php; line: 9; <br />file: /app/index.php; line: 115; <br />

2017-08-22 17:32:51 SQL Error :
------------
String:
SQL: <br/>INSERT INTO `ims_stat_visit` SET `uniacid` =  :uniacid_1 , `module` =  :module_2 , `date` =  :date_3 , `count` =  :count_4<hr/>Params: <br/>array (
  ':uniacid_1' => 2,
  ':module_2' => 'wesite',
  ':date_3' => '20170822',
  ':count_4' => 1,
)<hr/>SQL Error: <br/>Table 'njzhsq.ims_stat_visit' doesn't exist<hr/>Traces: <br/>file: /framework/class/db.class.php; line: 115; <br />file: /framework/class/db.class.php; line: 285; <br />file: /framework/function/pdo.func.php; line: 71; <br />file: /framework/model/app.mod.php; line: 62; <br />file: /app/source/utility/visit.ctrl.php; line: 9; <br />file: /app/index.php; line: 115; <br />

2017-08-22 17:34:45 SQL Error :
------------
String:
SQL: <br/>SELECT * FROM `ims_stat_visit` WHERE `date` =  :__date_1 AND `uniacid` =  :__uniacid_2 AND `module` =  :__module_3  LIMIT 1<hr/>Params: <br/>array (
  ':__date_1' => '20170822',
  ':__uniacid_2' => 2,
  ':__module_3' => 'wesite',
)<hr/>SQL Error: <br/>Table 'njzhsq.ims_stat_visit' doesn't exist<hr/>Traces: <br/>file: /framework/class/db.class.php; line: 167; <br />file: /framework/class/db.class.php; line: 227; <br />file: /framework/function/pdo.func.php; line: 49; <br />file: /framework/model/app.mod.php; line: 54; <br />file: /app/source/utility/visit.ctrl.php; line: 9; <br />file: /app/index.php; line: 115; <br />

2017-08-22 17:34:45 SQL Error :
------------
String:
SQL: <br/>INSERT INTO `ims_stat_visit` SET `uniacid` =  :uniacid_1 , `module` =  :module_2 , `date` =  :date_3 , `count` =  :count_4<hr/>Params: <br/>array (
  ':uniacid_1' => 2,
  ':module_2' => 'wesite',
  ':date_3' => '20170822',
  ':count_4' => 1,
)<hr/>SQL Error: <br/>Table 'njzhsq.ims_stat_visit' doesn't exist<hr/>Traces: <br/>file: /framework/class/db.class.php; line: 115; <br />file: /framework/class/db.class.php; line: 285; <br />file: /framework/function/pdo.func.php; line: 71; <br />file: /framework/model/app.mod.php; line: 62; <br />file: /app/source/utility/visit.ctrl.php; line: 9; <br />file: /app/index.php; line: 115; <br />

2017-08-22 17:34:57 SQL Error :
------------
String:
SQL: <br/>SELECT * FROM `ims_stat_visit` WHERE `date` =  :__date_1 AND `uniacid` =  :__uniacid_2 AND `module` =  :__module_3  LIMIT 1<hr/>Params: <br/>array (
  ':__date_1' => '20170822',
  ':__uniacid_2' => 2,
  ':__module_3' => 'wesite',
)<hr/>SQL Error: <br/>Table 'njzhsq.ims_stat_visit' doesn't exist<hr/>Traces: <br/>file: /framework/class/db.class.php; line: 167; <br />file: /framework/class/db.class.php; line: 227; <br />file: /framework/function/pdo.func.php; line: 49; <br />file: /framework/model/app.mod.php; line: 54; <br />file: /app/source/utility/visit.ctrl.php; line: 9; <br />file: /app/index.php; line: 115; <br />

2017-08-22 17:34:57 SQL Error :
------------
String:
SQL: <br/>INSERT INTO `ims_stat_visit` SET `uniacid` =  :uniacid_1 , `module` =  :module_2 , `date` =  :date_3 , `count` =  :count_4<hr/>Params: <br/>array (
  ':uniacid_1' => 2,
  ':module_2' => 'wesite',
  ':date_3' => '20170822',
  ':count_4' => 1,
)<hr/>SQL Error: <br/>Table 'njzhsq.ims_stat_visit' doesn't exist<hr/>Traces: <br/>file: /framework/class/db.class.php; line: 115; <br />file: /framework/class/db.class.php; line: 285; <br />file: /framework/function/pdo.func.php; line: 71; <br />file: /framework/model/app.mod.php; line: 62; <br />file: /app/source/utility/visit.ctrl.php; line: 9; <br />file: /app/index.php; line: 115; <br />

2017-08-22 17:41:51 SQL Error :
------------
String:
SQL: <br/>SELECT * FROM `ims_stat_visit` WHERE `date` =  :__date_1 AND `uniacid` =  :__uniacid_2 AND `module` =  :__module_3  LIMIT 1<hr/>Params: <br/>array (
  ':__date_1' => '20170822',
  ':__uniacid_2' => 2,
  ':__module_3' => 'wesite',
)<hr/>SQL Error: <br/>Table 'njzhsq.ims_stat_visit' doesn't exist<hr/>Traces: <br/>file: /framework/class/db.class.php; line: 167; <br />file: /framework/class/db.class.php; line: 227; <br />file: /framework/function/pdo.func.php; line: 49; <br />file: /framework/model/app.mod.php; line: 54; <br />file: /app/source/utility/visit.ctrl.php; line: 9; <br />file: /app/index.php; line: 115; <br />

2017-08-22 17:41:51 SQL Error :
------------
String:
SQL: <br/>INSERT INTO `ims_stat_visit` SET `uniacid` =  :uniacid_1 , `module` =  :module_2 , `date` =  :date_3 , `count` =  :count_4<hr/>Params: <br/>array (
  ':uniacid_1' => 2,
  ':module_2' => 'wesite',
  ':date_3' => '20170822',
  ':count_4' => 1,
)<hr/>SQL Error: <br/>Table 'njzhsq.ims_stat_visit' doesn't exist<hr/>Traces: <br/>file: /framework/class/db.class.php; line: 115; <br />file: /framework/class/db.class.php; line: 285; <br />file: /framework/function/pdo.func.php; line: 71; <br />file: /framework/model/app.mod.php; line: 62; <br />file: /app/source/utility/visit.ctrl.php; line: 9; <br />file: /app/index.php; line: 115; <br />

2017-08-22 17:47:09 SQL Error :
------------
String:
SQL: <br/>SELECT * FROM `ims_stat_visit` WHERE `date` =  :__date_1 AND `uniacid` =  :__uniacid_2 AND `module` =  :__module_3  LIMIT 1<hr/>Params: <br/>array (
  ':__date_1' => '20170822',
  ':__uniacid_2' => 2,
  ':__module_3' => 'wesite',
)<hr/>SQL Error: <br/>Table 'njzhsq.ims_stat_visit' doesn't exist<hr/>Traces: <br/>file: /framework/class/db.class.php; line: 167; <br />file: /framework/class/db.class.php; line: 227; <br />file: /framework/function/pdo.func.php; line: 49; <br />file: /framework/model/app.mod.php; line: 54; <br />file: /app/source/utility/visit.ctrl.php; line: 9; <br />file: /app/index.php; line: 115; <br />

2017-08-22 17:47:09 SQL Error :
------------
String:
SQL: <br/>INSERT INTO `ims_stat_visit` SET `uniacid` =  :uniacid_1 , `module` =  :module_2 , `date` =  :date_3 , `count` =  :count_4<hr/>Params: <br/>array (
  ':uniacid_1' => 2,
  ':module_2' => 'wesite',
  ':date_3' => '20170822',
  ':count_4' => 1,
)<hr/>SQL Error: <br/>Table 'njzhsq.ims_stat_visit' doesn't exist<hr/>Traces: <br/>file: /framework/class/db.class.php; line: 115; <br />file: /framework/class/db.class.php; line: 285; <br />file: /framework/function/pdo.func.php; line: 71; <br />file: /framework/model/app.mod.php; line: 62; <br />file: /app/source/utility/visit.ctrl.php; line: 9; <br />file: /app/index.php; line: 115; <br />

2017-08-22 17:49:31 SQL Error :
------------
String:
SQL: <br/>SELECT * FROM `ims_stat_visit` WHERE `date` =  :__date_1 AND `uniacid` =  :__uniacid_2 AND `module` =  :__module_3  LIMIT 1<hr/>Params: <br/>array (
  ':__date_1' => '20170822',
  ':__uniacid_2' => 2,
  ':__module_3' => 'wesite',
)<hr/>SQL Error: <br/>Table 'njzhsq.ims_stat_visit' doesn't exist<hr/>Traces: <br/>file: /framework/class/db.class.php; line: 167; <br />file: /framework/class/db.class.php; line: 227; <br />file: /framework/function/pdo.func.php; line: 49; <br />file: /framework/model/app.mod.php; line: 54; <br />file: /app/source/utility/visit.ctrl.php; line: 9; <br />file: /app/index.php; line: 115; <br />

2017-08-22 17:49:31 SQL Error :
------------
String:
SQL: <br/>INSERT INTO `ims_stat_visit` SET `uniacid` =  :uniacid_1 , `module` =  :module_2 , `date` =  :date_3 , `count` =  :count_4<hr/>Params: <br/>array (
  ':uniacid_1' => 2,
  ':module_2' => 'wesite',
  ':date_3' => '20170822',
  ':count_4' => 1,
)<hr/>SQL Error: <br/>Table 'njzhsq.ims_stat_visit' doesn't exist<hr/>Traces: <br/>file: /framework/class/db.class.php; line: 115; <br />file: /framework/class/db.class.php; line: 285; <br />file: /framework/function/pdo.func.php; line: 71; <br />file: /framework/model/app.mod.php; line: 62; <br />file: /app/source/utility/visit.ctrl.php; line: 9; <br />file: /app/index.php; line: 115; <br />

2017-08-22 17:50:45 SQL Error :
------------
String:
SQL: <br/>SELECT * FROM `ims_stat_visit` WHERE `date` =  :__date_1 AND `uniacid` =  :__uniacid_2 AND `module` =  :__module_3  LIMIT 1<hr/>Params: <br/>array (
  ':__date_1' => '20170822',
  ':__uniacid_2' => 2,
  ':__module_3' => 'wesite',
)<hr/>SQL Error: <br/>Table 'njzhsq.ims_stat_visit' doesn't exist<hr/>Traces: <br/>file: /framework/class/db.class.php; line: 167; <br />file: /framework/class/db.class.php; line: 227; <br />file: /framework/function/pdo.func.php; line: 49; <br />file: /framework/model/app.mod.php; line: 54; <br />file: /app/source/utility/visit.ctrl.php; line: 9; <br />file: /app/index.php; line: 115; <br />

2017-08-22 17:50:45 SQL Error :
------------
String:
SQL: <br/>INSERT INTO `ims_stat_visit` SET `uniacid` =  :uniacid_1 , `module` =  :module_2 , `date` =  :date_3 , `count` =  :count_4<hr/>Params: <br/>array (
  ':uniacid_1' => 2,
  ':module_2' => 'wesite',
  ':date_3' => '20170822',
  ':count_4' => 1,
)<hr/>SQL Error: <br/>Table 'njzhsq.ims_stat_visit' doesn't exist<hr/>Traces: <br/>file: /framework/class/db.class.php; line: 115; <br />file: /framework/class/db.class.php; line: 285; <br />file: /framework/function/pdo.func.php; line: 71; <br />file: /framework/model/app.mod.php; line: 62; <br />file: /app/source/utility/visit.ctrl.php; line: 9; <br />file: /app/index.php; line: 115; <br />

2017-08-22 17:51:16 SQL Error :
------------
String:
SQL: <br/>SELECT * FROM `ims_stat_visit` WHERE `date` =  :__date_1 AND `uniacid` =  :__uniacid_2 AND `module` =  :__module_3  LIMIT 1<hr/>Params: <br/>array (
  ':__date_1' => '20170822',
  ':__uniacid_2' => 2,
  ':__module_3' => 'wesite',
)<hr/>SQL Error: <br/>Table 'njzhsq.ims_stat_visit' doesn't exist<hr/>Traces: <br/>file: /framework/class/db.class.php; line: 167; <br />file: /framework/class/db.class.php; line: 227; <br />file: /framework/function/pdo.func.php; line: 49; <br />file: /framework/model/app.mod.php; line: 54; <br />file: /app/source/utility/visit.ctrl.php; line: 9; <br />file: /app/index.php; line: 115; <br />

2017-08-22 17:51:16 SQL Error :
------------
String:
SQL: <br/>INSERT INTO `ims_stat_visit` SET `uniacid` =  :uniacid_1 , `module` =  :module_2 , `date` =  :date_3 , `count` =  :count_4<hr/>Params: <br/>array (
  ':uniacid_1' => 2,
  ':module_2' => 'wesite',
  ':date_3' => '20170822',
  ':count_4' => 1,
)<hr/>SQL Error: <br/>Table 'njzhsq.ims_stat_visit' doesn't exist<hr/>Traces: <br/>file: /framework/class/db.class.php; line: 115; <br />file: /framework/class/db.class.php; line: 285; <br />file: /framework/function/pdo.func.php; line: 71; <br />file: /framework/model/app.mod.php; line: 62; <br />file: /app/source/utility/visit.ctrl.php; line: 9; <br />file: /app/index.php; line: 115; <br />

2017-08-22 17:52:14 SQL Error :
------------
String:
SQL: <br/>SELECT * FROM `ims_stat_visit` WHERE `date` =  :__date_1 AND `uniacid` =  :__uniacid_2 AND `module` =  :__module_3  LIMIT 1<hr/>Params: <br/>array (
  ':__date_1' => '20170822',
  ':__uniacid_2' => 2,
  ':__module_3' => 'wesite',
)<hr/>SQL Error: <br/>Table 'njzhsq.ims_stat_visit' doesn't exist<hr/>Traces: <br/>file: /framework/class/db.class.php; line: 167; <br />file: /framework/class/db.class.php; line: 227; <br />file: /framework/function/pdo.func.php; line: 49; <br />file: /framework/model/app.mod.php; line: 54; <br />file: /app/source/utility/visit.ctrl.php; line: 9; <br />file: /app/index.php; line: 115; <br />

2017-08-22 17:52:14 SQL Error :
------------
String:
SQL: <br/>INSERT INTO `ims_stat_visit` SET `uniacid` =  :uniacid_1 , `module` =  :module_2 , `date` =  :date_3 , `count` =  :count_4<hr/>Params: <br/>array (
  ':uniacid_1' => 2,
  ':module_2' => 'wesite',
  ':date_3' => '20170822',
  ':count_4' => 1,
)<hr/>SQL Error: <br/>Table 'njzhsq.ims_stat_visit' doesn't exist<hr/>Traces: <br/>file: /framework/class/db.class.php; line: 115; <br />file: /framework/class/db.class.php; line: 285; <br />file: /framework/function/pdo.func.php; line: 71; <br />file: /framework/model/app.mod.php; line: 62; <br />file: /app/source/utility/visit.ctrl.php; line: 9; <br />file: /app/index.php; line: 115; <br />

2017-08-22 17:53:02 SQL Error :
------------
String:
SQL: <br/>SELECT * FROM `ims_stat_visit` WHERE `date` =  :__date_1 AND `uniacid` =  :__uniacid_2 AND `module` =  :__module_3  LIMIT 1<hr/>Params: <br/>array (
  ':__date_1' => '20170822',
  ':__uniacid_2' => 2,
  ':__module_3' => 'wesite',
)<hr/>SQL Error: <br/>Table 'njzhsq.ims_stat_visit' doesn't exist<hr/>Traces: <br/>file: /framework/class/db.class.php; line: 167; <br />file: /framework/class/db.class.php; line: 227; <br />file: /framework/function/pdo.func.php; line: 49; <br />file: /framework/model/app.mod.php; line: 54; <br />file: /app/source/utility/visit.ctrl.php; line: 9; <br />file: /app/index.php; line: 115; <br />

2017-08-22 17:53:02 SQL Error :
------------
String:
SQL: <br/>INSERT INTO `ims_stat_visit` SET `uniacid` =  :uniacid_1 , `module` =  :module_2 , `date` =  :date_3 , `count` =  :count_4<hr/>Params: <br/>array (
  ':uniacid_1' => 2,
  ':module_2' => 'wesite',
  ':date_3' => '20170822',
  ':count_4' => 1,
)<hr/>SQL Error: <br/>Table 'njzhsq.ims_stat_visit' doesn't exist<hr/>Traces: <br/>file: /framework/class/db.class.php; line: 115; <br />file: /framework/class/db.class.php; line: 285; <br />file: /framework/function/pdo.func.php; line: 71; <br />file: /framework/model/app.mod.php; line: 62; <br />file: /app/source/utility/visit.ctrl.php; line: 9; <br />file: /app/index.php; line: 115; <br />

2017-08-22 17:53:20 SQL Error :
------------
String:
SQL: <br/>SELECT * FROM `ims_stat_visit` WHERE `date` =  :__date_1 AND `uniacid` =  :__uniacid_2 AND `module` =  :__module_3  LIMIT 1<hr/>Params: <br/>array (
  ':__date_1' => '20170822',
  ':__uniacid_2' => 2,
  ':__module_3' => 'wesite',
)<hr/>SQL Error: <br/>Table 'njzhsq.ims_stat_visit' doesn't exist<hr/>Traces: <br/>file: /framework/class/db.class.php; line: 167; <br />file: /framework/class/db.class.php; line: 227; <br />file: /framework/function/pdo.func.php; line: 49; <br />file: /framework/model/app.mod.php; line: 54; <br />file: /app/source/utility/visit.ctrl.php; line: 9; <br />file: /app/index.php; line: 115; <br />

2017-08-22 17:53:20 SQL Error :
------------
String:
SQL: <br/>INSERT INTO `ims_stat_visit` SET `uniacid` =  :uniacid_1 , `module` =  :module_2 , `date` =  :date_3 , `count` =  :count_4<hr/>Params: <br/>array (
  ':uniacid_1' => 2,
  ':module_2' => 'wesite',
  ':date_3' => '20170822',
  ':count_4' => 1,
)<hr/>SQL Error: <br/>Table 'njzhsq.ims_stat_visit' doesn't exist<hr/>Traces: <br/>file: /framework/class/db.class.php; line: 115; <br />file: /framework/class/db.class.php; line: 285; <br />file: /framework/function/pdo.func.php; line: 71; <br />file: /framework/model/app.mod.php; line: 62; <br />file: /app/source/utility/visit.ctrl.php; line: 9; <br />file: /app/index.php; line: 115; <br />

2017-08-22 17:53:51 SQL Error :
------------
String:
SQL: <br/>SELECT * FROM `ims_stat_visit` WHERE `date` =  :__date_1 AND `uniacid` =  :__uniacid_2 AND `module` =  :__module_3  LIMIT 1<hr/>Params: <br/>array (
  ':__date_1' => '20170822',
  ':__uniacid_2' => 2,
  ':__module_3' => 'wesite',
)<hr/>SQL Error: <br/>Table 'njzhsq.ims_stat_visit' doesn't exist<hr/>Traces: <br/>file: /framework/class/db.class.php; line: 167; <br />file: /framework/class/db.class.php; line: 227; <br />file: /framework/function/pdo.func.php; line: 49; <br />file: /framework/model/app.mod.php; line: 54; <br />file: /app/source/utility/visit.ctrl.php; line: 9; <br />file: /app/index.php; line: 115; <br />

2017-08-22 17:53:51 SQL Error :
------------
String:
SQL: <br/>INSERT INTO `ims_stat_visit` SET `uniacid` =  :uniacid_1 , `module` =  :module_2 , `date` =  :date_3 , `count` =  :count_4<hr/>Params: <br/>array (
  ':uniacid_1' => 2,
  ':module_2' => 'wesite',
  ':date_3' => '20170822',
  ':count_4' => 1,
)<hr/>SQL Error: <br/>Table 'njzhsq.ims_stat_visit' doesn't exist<hr/>Traces: <br/>file: /framework/class/db.class.php; line: 115; <br />file: /framework/class/db.class.php; line: 285; <br />file: /framework/function/pdo.func.php; line: 71; <br />file: /framework/model/app.mod.php; line: 62; <br />file: /app/source/utility/visit.ctrl.php; line: 9; <br />file: /app/index.php; line: 115; <br />

2017-08-22 17:59:07 SQL Error :
------------
String:
SQL: <br/>SELECT * FROM `ims_stat_visit` WHERE `date` =  :__date_1 AND `uniacid` =  :__uniacid_2 AND `module` =  :__module_3  LIMIT 1<hr/>Params: <br/>array (
  ':__date_1' => '20170822',
  ':__uniacid_2' => 2,
  ':__module_3' => 'wesite',
)<hr/>SQL Error: <br/>Table 'njzhsq.ims_stat_visit' doesn't exist<hr/>Traces: <br/>file: /framework/class/db.class.php; line: 167; <br />file: /framework/class/db.class.php; line: 227; <br />file: /framework/function/pdo.func.php; line: 49; <br />file: /framework/model/app.mod.php; line: 54; <br />file: /app/source/utility/visit.ctrl.php; line: 9; <br />file: /app/index.php; line: 115; <br />

2017-08-22 17:59:07 SQL Error :
------------
String:
SQL: <br/>INSERT INTO `ims_stat_visit` SET `uniacid` =  :uniacid_1 , `module` =  :module_2 , `date` =  :date_3 , `count` =  :count_4<hr/>Params: <br/>array (
  ':uniacid_1' => 2,
  ':module_2' => 'wesite',
  ':date_3' => '20170822',
  ':count_4' => 1,
)<hr/>SQL Error: <br/>Table 'njzhsq.ims_stat_visit' doesn't exist<hr/>Traces: <br/>file: /framework/class/db.class.php; line: 115; <br />file: /framework/class/db.class.php; line: 285; <br />file: /framework/function/pdo.func.php; line: 71; <br />file: /framework/model/app.mod.php; line: 62; <br />file: /app/source/utility/visit.ctrl.php; line: 9; <br />file: /app/index.php; line: 115; <br />

2017-08-22 18:00:44 SQL Error :
------------
String:
SQL: <br/>SELECT * FROM `ims_stat_visit` WHERE `date` =  :__date_1 AND `uniacid` =  :__uniacid_2 AND `module` =  :__module_3  LIMIT 1<hr/>Params: <br/>array (
  ':__date_1' => '20170822',
  ':__uniacid_2' => 2,
  ':__module_3' => 'wesite',
)<hr/>SQL Error: <br/>Table 'njzhsq.ims_stat_visit' doesn't exist<hr/>Traces: <br/>file: /framework/class/db.class.php; line: 167; <br />file: /framework/class/db.class.php; line: 227; <br />file: /framework/function/pdo.func.php; line: 49; <br />file: /framework/model/app.mod.php; line: 54; <br />file: /app/source/utility/visit.ctrl.php; line: 9; <br />file: /app/index.php; line: 115; <br />

2017-08-22 18:00:44 SQL Error :
------------
String:
SQL: <br/>INSERT INTO `ims_stat_visit` SET `uniacid` =  :uniacid_1 , `module` =  :module_2 , `date` =  :date_3 , `count` =  :count_4<hr/>Params: <br/>array (
  ':uniacid_1' => 2,
  ':module_2' => 'wesite',
  ':date_3' => '20170822',
  ':count_4' => 1,
)<hr/>SQL Error: <br/>Table 'njzhsq.ims_stat_visit' doesn't exist<hr/>Traces: <br/>file: /framework/class/db.class.php; line: 115; <br />file: /framework/class/db.class.php; line: 285; <br />file: /framework/function/pdo.func.php; line: 71; <br />file: /framework/model/app.mod.php; line: 62; <br />file: /app/source/utility/visit.ctrl.php; line: 9; <br />file: /app/index.php; line: 115; <br />

2017-08-22 18:00:58 SQL Error :
------------
String:
SQL: <br/>SELECT * FROM `ims_stat_visit` WHERE `date` =  :__date_1 AND `uniacid` =  :__uniacid_2 AND `module` =  :__module_3  LIMIT 1<hr/>Params: <br/>array (
  ':__date_1' => '20170822',
  ':__uniacid_2' => 2,
  ':__module_3' => 'wesite',
)<hr/>SQL Error: <br/>Table 'njzhsq.ims_stat_visit' doesn't exist<hr/>Traces: <br/>file: /framework/class/db.class.php; line: 167; <br />file: /framework/class/db.class.php; line: 227; <br />file: /framework/function/pdo.func.php; line: 49; <br />file: /framework/model/app.mod.php; line: 54; <br />file: /app/source/utility/visit.ctrl.php; line: 9; <br />file: /app/index.php; line: 115; <br />

2017-08-22 18:00:58 SQL Error :
------------
String:
SQL: <br/>INSERT INTO `ims_stat_visit` SET `uniacid` =  :uniacid_1 , `module` =  :module_2 , `date` =  :date_3 , `count` =  :count_4<hr/>Params: <br/>array (
  ':uniacid_1' => 2,
  ':module_2' => 'wesite',
  ':date_3' => '20170822',
  ':count_4' => 1,
)<hr/>SQL Error: <br/>Table 'njzhsq.ims_stat_visit' doesn't exist<hr/>Traces: <br/>file: /framework/class/db.class.php; line: 115; <br />file: /framework/class/db.class.php; line: 285; <br />file: /framework/function/pdo.func.php; line: 71; <br />file: /framework/model/app.mod.php; line: 62; <br />file: /app/source/utility/visit.ctrl.php; line: 9; <br />file: /app/index.php; line: 115; <br />

2017-08-22 18:01:31 SQL Error :
------------
String:
SQL: <br/>SELECT * FROM `ims_stat_visit` WHERE `date` =  :__date_1 AND `uniacid` =  :__uniacid_2 AND `module` =  :__module_3  LIMIT 1<hr/>Params: <br/>array (
  ':__date_1' => '20170822',
  ':__uniacid_2' => 2,
  ':__module_3' => 'wesite',
)<hr/>SQL Error: <br/>Table 'njzhsq.ims_stat_visit' doesn't exist<hr/>Traces: <br/>file: /framework/class/db.class.php; line: 167; <br />file: /framework/class/db.class.php; line: 227; <br />file: /framework/function/pdo.func.php; line: 49; <br />file: /framework/model/app.mod.php; line: 54; <br />file: /app/source/utility/visit.ctrl.php; line: 9; <br />file: /app/index.php; line: 115; <br />

2017-08-22 18:01:31 SQL Error :
------------
String:
SQL: <br/>INSERT INTO `ims_stat_visit` SET `uniacid` =  :uniacid_1 , `module` =  :module_2 , `date` =  :date_3 , `count` =  :count_4<hr/>Params: <br/>array (
  ':uniacid_1' => 2,
  ':module_2' => 'wesite',
  ':date_3' => '20170822',
  ':count_4' => 1,
)<hr/>SQL Error: <br/>Table 'njzhsq.ims_stat_visit' doesn't exist<hr/>Traces: <br/>file: /framework/class/db.class.php; line: 115; <br />file: /framework/class/db.class.php; line: 285; <br />file: /framework/function/pdo.func.php; line: 71; <br />file: /framework/model/app.mod.php; line: 62; <br />file: /app/source/utility/visit.ctrl.php; line: 9; <br />file: /app/index.php; line: 115; <br />

2017-08-22 18:01:44 SQL Error :
------------
String:
SQL: <br/>SELECT * FROM `ims_stat_visit` WHERE `date` =  :__date_1 AND `uniacid` =  :__uniacid_2 AND `module` =  :__module_3  LIMIT 1<hr/>Params: <br/>array (
  ':__date_1' => '20170822',
  ':__uniacid_2' => 2,
  ':__module_3' => 'wesite',
)<hr/>SQL Error: <br/>Table 'njzhsq.ims_stat_visit' doesn't exist<hr/>Traces: <br/>file: /framework/class/db.class.php; line: 167; <br />file: /framework/class/db.class.php; line: 227; <br />file: /framework/function/pdo.func.php; line: 49; <br />file: /framework/model/app.mod.php; line: 54; <br />file: /app/source/utility/visit.ctrl.php; line: 9; <br />file: /app/index.php; line: 115; <br />

2017-08-22 18:01:44 SQL Error :
------------
String:
SQL: <br/>INSERT INTO `ims_stat_visit` SET `uniacid` =  :uniacid_1 , `module` =  :module_2 , `date` =  :date_3 , `count` =  :count_4<hr/>Params: <br/>array (
  ':uniacid_1' => 2,
  ':module_2' => 'wesite',
  ':date_3' => '20170822',
  ':count_4' => 1,
)<hr/>SQL Error: <br/>Table 'njzhsq.ims_stat_visit' doesn't exist<hr/>Traces: <br/>file: /framework/class/db.class.php; line: 115; <br />file: /framework/class/db.class.php; line: 285; <br />file: /framework/function/pdo.func.php; line: 71; <br />file: /framework/model/app.mod.php; line: 62; <br />file: /app/source/utility/visit.ctrl.php; line: 9; <br />file: /app/index.php; line: 115; <br />

2017-08-22 18:01:50 SQL Error :
------------
String:
SQL: <br/>SELECT * FROM `ims_stat_visit` WHERE `date` =  :__date_1 AND `uniacid` =  :__uniacid_2 AND `module` =  :__module_3  LIMIT 1<hr/>Params: <br/>array (
  ':__date_1' => '20170822',
  ':__uniacid_2' => 2,
  ':__module_3' => 'wesite',
)<hr/>SQL Error: <br/>Table 'njzhsq.ims_stat_visit' doesn't exist<hr/>Traces: <br/>file: /framework/class/db.class.php; line: 167; <br />file: /framework/class/db.class.php; line: 227; <br />file: /framework/function/pdo.func.php; line: 49; <br />file: /framework/model/app.mod.php; line: 54; <br />file: /app/source/utility/visit.ctrl.php; line: 9; <br />file: /app/index.php; line: 115; <br />

2017-08-22 18:01:50 SQL Error :
------------
String:
SQL: <br/>INSERT INTO `ims_stat_visit` SET `uniacid` =  :uniacid_1 , `module` =  :module_2 , `date` =  :date_3 , `count` =  :count_4<hr/>Params: <br/>array (
  ':uniacid_1' => 2,
  ':module_2' => 'wesite',
  ':date_3' => '20170822',
  ':count_4' => 1,
)<hr/>SQL Error: <br/>Table 'njzhsq.ims_stat_visit' doesn't exist<hr/>Traces: <br/>file: /framework/class/db.class.php; line: 115; <br />file: /framework/class/db.class.php; line: 285; <br />file: /framework/function/pdo.func.php; line: 71; <br />file: /framework/model/app.mod.php; line: 62; <br />file: /app/source/utility/visit.ctrl.php; line: 9; <br />file: /app/index.php; line: 115; <br />

2017-08-22 18:05:56 SQL Error :
------------
String:
SQL: <br/>SELECT * FROM `ims_stat_visit` WHERE `date` =  :__date_1 AND `uniacid` =  :__uniacid_2 AND `module` =  :__module_3  LIMIT 1<hr/>Params: <br/>array (
  ':__date_1' => '20170822',
  ':__uniacid_2' => 2,
  ':__module_3' => 'wesite',
)<hr/>SQL Error: <br/>Table 'njzhsq.ims_stat_visit' doesn't exist<hr/>Traces: <br/>file: /framework/class/db.class.php; line: 167; <br />file: /framework/class/db.class.php; line: 227; <br />file: /framework/function/pdo.func.php; line: 49; <br />file: /framework/model/app.mod.php; line: 54; <br />file: /app/source/utility/visit.ctrl.php; line: 9; <br />file: /app/index.php; line: 115; <br />

2017-08-22 18:05:56 SQL Error :
------------
String:
SQL: <br/>INSERT INTO `ims_stat_visit` SET `uniacid` =  :uniacid_1 , `module` =  :module_2 , `date` =  :date_3 , `count` =  :count_4<hr/>Params: <br/>array (
  ':uniacid_1' => 2,
  ':module_2' => 'wesite',
  ':date_3' => '20170822',
  ':count_4' => 1,
)<hr/>SQL Error: <br/>Table 'njzhsq.ims_stat_visit' doesn't exist<hr/>Traces: <br/>file: /framework/class/db.class.php; line: 115; <br />file: /framework/class/db.class.php; line: 285; <br />file: /framework/function/pdo.func.php; line: 71; <br />file: /framework/model/app.mod.php; line: 62; <br />file: /app/source/utility/visit.ctrl.php; line: 9; <br />file: /app/index.php; line: 115; <br />

2017-08-22 18:07:05 SQL Error :
------------
String:
SQL: <br/>SELECT * FROM `ims_stat_visit` WHERE `date` =  :__date_1 AND `uniacid` =  :__uniacid_2 AND `module` =  :__module_3  LIMIT 1<hr/>Params: <br/>array (
  ':__date_1' => '20170822',
  ':__uniacid_2' => 2,
  ':__module_3' => 'wesite',
)<hr/>SQL Error: <br/>Table 'njzhsq.ims_stat_visit' doesn't exist<hr/>Traces: <br/>file: /framework/class/db.class.php; line: 167; <br />file: /framework/class/db.class.php; line: 227; <br />file: /framework/function/pdo.func.php; line: 49; <br />file: /framework/model/app.mod.php; line: 54; <br />file: /app/source/utility/visit.ctrl.php; line: 9; <br />file: /app/index.php; line: 115; <br />

2017-08-22 18:07:05 SQL Error :
------------
String:
SQL: <br/>INSERT INTO `ims_stat_visit` SET `uniacid` =  :uniacid_1 , `module` =  :module_2 , `date` =  :date_3 , `count` =  :count_4<hr/>Params: <br/>array (
  ':uniacid_1' => 2,
  ':module_2' => 'wesite',
  ':date_3' => '20170822',
  ':count_4' => 1,
)<hr/>SQL Error: <br/>Table 'njzhsq.ims_stat_visit' doesn't exist<hr/>Traces: <br/>file: /framework/class/db.class.php; line: 115; <br />file: /framework/class/db.class.php; line: 285; <br />file: /framework/function/pdo.func.php; line: 71; <br />file: /framework/model/app.mod.php; line: 62; <br />file: /app/source/utility/visit.ctrl.php; line: 9; <br />file: /app/index.php; line: 115; <br />

2017-08-22 18:10:46 SQL Error :
------------
String:
SQL: <br/>SELECT * FROM `ims_stat_visit` WHERE `date` =  :__date_1 AND `uniacid` =  :__uniacid_2 AND `module` =  :__module_3  LIMIT 1<hr/>Params: <br/>array (
  ':__date_1' => '20170822',
  ':__uniacid_2' => 2,
  ':__module_3' => 'wesite',
)<hr/>SQL Error: <br/>Table 'njzhsq.ims_stat_visit' doesn't exist<hr/>Traces: <br/>file: /framework/class/db.class.php; line: 167; <br />file: /framework/class/db.class.php; line: 227; <br />file: /framework/function/pdo.func.php; line: 49; <br />file: /framework/model/app.mod.php; line: 54; <br />file: /app/source/utility/visit.ctrl.php; line: 9; <br />file: /app/index.php; line: 115; <br />

2017-08-22 18:10:46 SQL Error :
------------
String:
SQL: <br/>INSERT INTO `ims_stat_visit` SET `uniacid` =  :uniacid_1 , `module` =  :module_2 , `date` =  :date_3 , `count` =  :count_4<hr/>Params: <br/>array (
  ':uniacid_1' => 2,
  ':module_2' => 'wesite',
  ':date_3' => '20170822',
  ':count_4' => 1,
)<hr/>SQL Error: <br/>Table 'njzhsq.ims_stat_visit' doesn't exist<hr/>Traces: <br/>file: /framework/class/db.class.php; line: 115; <br />file: /framework/class/db.class.php; line: 285; <br />file: /framework/function/pdo.func.php; line: 71; <br />file: /framework/model/app.mod.php; line: 62; <br />file: /app/source/utility/visit.ctrl.php; line: 9; <br />file: /app/index.php; line: 115; <br />

2017-08-22 18:13:57 SQL Error :
------------
String:
SQL: <br/>SELECT * FROM `ims_stat_visit` WHERE `date` =  :__date_1 AND `uniacid` =  :__uniacid_2 AND `module` =  :__module_3  LIMIT 1<hr/>Params: <br/>array (
  ':__date_1' => '20170822',
  ':__uniacid_2' => 2,
  ':__module_3' => 'wesite',
)<hr/>SQL Error: <br/>Table 'njzhsq.ims_stat_visit' doesn't exist<hr/>Traces: <br/>file: /framework/class/db.class.php; line: 167; <br />file: /framework/class/db.class.php; line: 227; <br />file: /framework/function/pdo.func.php; line: 49; <br />file: /framework/model/app.mod.php; line: 54; <br />file: /app/source/utility/visit.ctrl.php; line: 9; <br />file: /app/index.php; line: 115; <br />

2017-08-22 18:13:57 SQL Error :
------------
String:
SQL: <br/>INSERT INTO `ims_stat_visit` SET `uniacid` =  :uniacid_1 , `module` =  :module_2 , `date` =  :date_3 , `count` =  :count_4<hr/>Params: <br/>array (
  ':uniacid_1' => 2,
  ':module_2' => 'wesite',
  ':date_3' => '20170822',
  ':count_4' => 1,
)<hr/>SQL Error: <br/>Table 'njzhsq.ims_stat_visit' doesn't exist<hr/>Traces: <br/>file: /framework/class/db.class.php; line: 115; <br />file: /framework/class/db.class.php; line: 285; <br />file: /framework/function/pdo.func.php; line: 71; <br />file: /framework/model/app.mod.php; line: 62; <br />file: /app/source/utility/visit.ctrl.php; line: 9; <br />file: /app/index.php; line: 115; <br />

2017-08-22 18:14:49 SQL Error :
------------
String:
SQL: <br/>SELECT * FROM `ims_stat_visit` WHERE `date` =  :__date_1 AND `uniacid` =  :__uniacid_2 AND `module` =  :__module_3  LIMIT 1<hr/>Params: <br/>array (
  ':__date_1' => '20170822',
  ':__uniacid_2' => 2,
  ':__module_3' => 'wesite',
)<hr/>SQL Error: <br/>Table 'njzhsq.ims_stat_visit' doesn't exist<hr/>Traces: <br/>file: /framework/class/db.class.php; line: 167; <br />file: /framework/class/db.class.php; line: 227; <br />file: /framework/function/pdo.func.php; line: 49; <br />file: /framework/model/app.mod.php; line: 54; <br />file: /app/source/utility/visit.ctrl.php; line: 9; <br />file: /app/index.php; line: 115; <br />

2017-08-22 18:14:49 SQL Error :
------------
String:
SQL: <br/>INSERT INTO `ims_stat_visit` SET `uniacid` =  :uniacid_1 , `module` =  :module_2 , `date` =  :date_3 , `count` =  :count_4<hr/>Params: <br/>array (
  ':uniacid_1' => 2,
  ':module_2' => 'wesite',
  ':date_3' => '20170822',
  ':count_4' => 1,
)<hr/>SQL Error: <br/>Table 'njzhsq.ims_stat_visit' doesn't exist<hr/>Traces: <br/>file: /framework/class/db.class.php; line: 115; <br />file: /framework/class/db.class.php; line: 285; <br />file: /framework/function/pdo.func.php; line: 71; <br />file: /framework/model/app.mod.php; line: 62; <br />file: /app/source/utility/visit.ctrl.php; line: 9; <br />file: /app/index.php; line: 115; <br />

2017-08-22 18:19:59 SQL Error :
------------
String:
SQL: <br/>SELECT * FROM `ims_stat_visit` WHERE `date` =  :__date_1 AND `uniacid` =  :__uniacid_2 AND `module` =  :__module_3  LIMIT 1<hr/>Params: <br/>array (
  ':__date_1' => '20170822',
  ':__uniacid_2' => 2,
  ':__module_3' => 'wesite',
)<hr/>SQL Error: <br/>Table 'njzhsq.ims_stat_visit' doesn't exist<hr/>Traces: <br/>file: /framework/class/db.class.php; line: 167; <br />file: /framework/class/db.class.php; line: 227; <br />file: /framework/function/pdo.func.php; line: 49; <br />file: /framework/model/app.mod.php; line: 54; <br />file: /app/source/utility/visit.ctrl.php; line: 9; <br />file: /app/index.php; line: 115; <br />

2017-08-22 18:19:59 SQL Error :
------------
String:
SQL: <br/>INSERT INTO `ims_stat_visit` SET `uniacid` =  :uniacid_1 , `module` =  :module_2 , `date` =  :date_3 , `count` =  :count_4<hr/>Params: <br/>array (
  ':uniacid_1' => 2,
  ':module_2' => 'wesite',
  ':date_3' => '20170822',
  ':count_4' => 1,
)<hr/>SQL Error: <br/>Table 'njzhsq.ims_stat_visit' doesn't exist<hr/>Traces: <br/>file: /framework/class/db.class.php; line: 115; <br />file: /framework/class/db.class.php; line: 285; <br />file: /framework/function/pdo.func.php; line: 71; <br />file: /framework/model/app.mod.php; line: 62; <br />file: /app/source/utility/visit.ctrl.php; line: 9; <br />file: /app/index.php; line: 115; <br />

2017-08-22 18:20:47 SQL Error :
------------
String:
SQL: <br/>SELECT * FROM `ims_stat_visit` WHERE `date` =  :__date_1 AND `uniacid` =  :__uniacid_2 AND `module` =  :__module_3  LIMIT 1<hr/>Params: <br/>array (
  ':__date_1' => '20170822',
  ':__uniacid_2' => 2,
  ':__module_3' => 'wesite',
)<hr/>SQL Error: <br/>Table 'njzhsq.ims_stat_visit' doesn't exist<hr/>Traces: <br/>file: /framework/class/db.class.php; line: 167; <br />file: /framework/class/db.class.php; line: 227; <br />file: /framework/function/pdo.func.php; line: 49; <br />file: /framework/model/app.mod.php; line: 54; <br />file: /app/source/utility/visit.ctrl.php; line: 9; <br />file: /app/index.php; line: 115; <br />

2017-08-22 18:20:47 SQL Error :
------------
String:
SQL: <br/>INSERT INTO `ims_stat_visit` SET `uniacid` =  :uniacid_1 , `module` =  :module_2 , `date` =  :date_3 , `count` =  :count_4<hr/>Params: <br/>array (
  ':uniacid_1' => 2,
  ':module_2' => 'wesite',
  ':date_3' => '20170822',
  ':count_4' => 1,
)<hr/>SQL Error: <br/>Table 'njzhsq.ims_stat_visit' doesn't exist<hr/>Traces: <br/>file: /framework/class/db.class.php; line: 115; <br />file: /framework/class/db.class.php; line: 285; <br />file: /framework/function/pdo.func.php; line: 71; <br />file: /framework/model/app.mod.php; line: 62; <br />file: /app/source/utility/visit.ctrl.php; line: 9; <br />file: /app/index.php; line: 115; <br />

2017-08-22 18:21:05 SQL Error :
------------
String:
SQL: <br/>SELECT * FROM `ims_stat_visit` WHERE `date` =  :__date_1 AND `uniacid` =  :__uniacid_2 AND `module` =  :__module_3  LIMIT 1<hr/>Params: <br/>array (
  ':__date_1' => '20170822',
  ':__uniacid_2' => 2,
  ':__module_3' => 'wesite',
)<hr/>SQL Error: <br/>Table 'njzhsq.ims_stat_visit' doesn't exist<hr/>Traces: <br/>file: /framework/class/db.class.php; line: 167; <br />file: /framework/class/db.class.php; line: 227; <br />file: /framework/function/pdo.func.php; line: 49; <br />file: /framework/model/app.mod.php; line: 54; <br />file: /app/source/utility/visit.ctrl.php; line: 9; <br />file: /app/index.php; line: 115; <br />

2017-08-22 18:21:05 SQL Error :
------------
String:
SQL: <br/>INSERT INTO `ims_stat_visit` SET `uniacid` =  :uniacid_1 , `module` =  :module_2 , `date` =  :date_3 , `count` =  :count_4<hr/>Params: <br/>array (
  ':uniacid_1' => 2,
  ':module_2' => 'wesite',
  ':date_3' => '20170822',
  ':count_4' => 1,
)<hr/>SQL Error: <br/>Table 'njzhsq.ims_stat_visit' doesn't exist<hr/>Traces: <br/>file: /framework/class/db.class.php; line: 115; <br />file: /framework/class/db.class.php; line: 285; <br />file: /framework/function/pdo.func.php; line: 71; <br />file: /framework/model/app.mod.php; line: 62; <br />file: /app/source/utility/visit.ctrl.php; line: 9; <br />file: /app/index.php; line: 115; <br />

2017-08-22 18:24:12 SQL Error :
------------
String:
SQL: <br/>SELECT * FROM `ims_stat_visit` WHERE `date` =  :__date_1 AND `uniacid` =  :__uniacid_2 AND `module` =  :__module_3  LIMIT 1<hr/>Params: <br/>array (
  ':__date_1' => '20170822',
  ':__uniacid_2' => 2,
  ':__module_3' => 'wesite',
)<hr/>SQL Error: <br/>Table 'njzhsq.ims_stat_visit' doesn't exist<hr/>Traces: <br/>file: /framework/class/db.class.php; line: 167; <br />file: /framework/class/db.class.php; line: 227; <br />file: /framework/function/pdo.func.php; line: 49; <br />file: /framework/model/app.mod.php; line: 54; <br />file: /app/source/utility/visit.ctrl.php; line: 9; <br />file: /app/index.php; line: 115; <br />

2017-08-22 18:24:12 SQL Error :
------------
String:
SQL: <br/>INSERT INTO `ims_stat_visit` SET `uniacid` =  :uniacid_1 , `module` =  :module_2 , `date` =  :date_3 , `count` =  :count_4<hr/>Params: <br/>array (
  ':uniacid_1' => 2,
  ':module_2' => 'wesite',
  ':date_3' => '20170822',
  ':count_4' => 1,
)<hr/>SQL Error: <br/>Table 'njzhsq.ims_stat_visit' doesn't exist<hr/>Traces: <br/>file: /framework/class/db.class.php; line: 115; <br />file: /framework/class/db.class.php; line: 285; <br />file: /framework/function/pdo.func.php; line: 71; <br />file: /framework/model/app.mod.php; line: 62; <br />file: /app/source/utility/visit.ctrl.php; line: 9; <br />file: /app/index.php; line: 115; <br />

2017-08-22 18:25:55 SQL Error :
------------
String:
SQL: <br/>SELECT * FROM `ims_stat_visit` WHERE `date` =  :__date_1 AND `uniacid` =  :__uniacid_2 AND `module` =  :__module_3  LIMIT 1<hr/>Params: <br/>array (
  ':__date_1' => '20170822',
  ':__uniacid_2' => 2,
  ':__module_3' => 'wesite',
)<hr/>SQL Error: <br/>Table 'njzhsq.ims_stat_visit' doesn't exist<hr/>Traces: <br/>file: /framework/class/db.class.php; line: 167; <br />file: /framework/class/db.class.php; line: 227; <br />file: /framework/function/pdo.func.php; line: 49; <br />file: /framework/model/app.mod.php; line: 54; <br />file: /app/source/utility/visit.ctrl.php; line: 9; <br />file: /app/index.php; line: 115; <br />

2017-08-22 18:25:55 SQL Error :
------------
String:
SQL: <br/>INSERT INTO `ims_stat_visit` SET `uniacid` =  :uniacid_1 , `module` =  :module_2 , `date` =  :date_3 , `count` =  :count_4<hr/>Params: <br/>array (
  ':uniacid_1' => 2,
  ':module_2' => 'wesite',
  ':date_3' => '20170822',
  ':count_4' => 1,
)<hr/>SQL Error: <br/>Table 'njzhsq.ims_stat_visit' doesn't exist<hr/>Traces: <br/>file: /framework/class/db.class.php; line: 115; <br />file: /framework/class/db.class.php; line: 285; <br />file: /framework/function/pdo.func.php; line: 71; <br />file: /framework/model/app.mod.php; line: 62; <br />file: /app/source/utility/visit.ctrl.php; line: 9; <br />file: /app/index.php; line: 115; <br />

2017-08-22 18:25:59 SQL Error :
------------
String:
SQL: <br/>SELECT * FROM `ims_stat_visit` WHERE `date` =  :__date_1 AND `uniacid` =  :__uniacid_2 AND `module` =  :__module_3  LIMIT 1<hr/>Params: <br/>array (
  ':__date_1' => '20170822',
  ':__uniacid_2' => 2,
  ':__module_3' => 'wesite',
)<hr/>SQL Error: <br/>Table 'njzhsq.ims_stat_visit' doesn't exist<hr/>Traces: <br/>file: /framework/class/db.class.php; line: 167; <br />file: /framework/class/db.class.php; line: 227; <br />file: /framework/function/pdo.func.php; line: 49; <br />file: /framework/model/app.mod.php; line: 54; <br />file: /app/source/utility/visit.ctrl.php; line: 9; <br />file: /app/index.php; line: 115; <br />

2017-08-22 18:25:59 SQL Error :
------------
String:
SQL: <br/>INSERT INTO `ims_stat_visit` SET `uniacid` =  :uniacid_1 , `module` =  :module_2 , `date` =  :date_3 , `count` =  :count_4<hr/>Params: <br/>array (
  ':uniacid_1' => 2,
  ':module_2' => 'wesite',
  ':date_3' => '20170822',
  ':count_4' => 1,
)<hr/>SQL Error: <br/>Table 'njzhsq.ims_stat_visit' doesn't exist<hr/>Traces: <br/>file: /framework/class/db.class.php; line: 115; <br />file: /framework/class/db.class.php; line: 285; <br />file: /framework/function/pdo.func.php; line: 71; <br />file: /framework/model/app.mod.php; line: 62; <br />file: /app/source/utility/visit.ctrl.php; line: 9; <br />file: /app/index.php; line: 115; <br />

2017-08-22 18:33:41 trace :
------------
String:
<xml><ToUserName><![CDATA[gh_0c2d3a9066f5]]></ToUserName>
<FromUserName><![CDATA[oNjw9wqWBsgRd7zoXDyh6GdK6Qjc]]></FromUserName>
<CreateTime>1503398020</CreateTime>
<MsgType><![CDATA[text]]></MsgType>
<Content><![CDATA[好]]></Content>
<MsgId>6457045329183721939</MsgId>
</xml>

2017-08-22 18:33:41 params :
------------
String:
array (
  'rule' => -2,
  'module' => '',
  'message' => 
  array (
    'tousername' => 'gh_0c2d3a9066f5',
    'fromusername' => 'oNjw9wqWBsgRd7zoXDyh6GdK6Qjc',
    'createtime' => '1503398020',
    'msgtype' => 'text',
    'content' => '好',
    'msgid' => '6457045329183721939',
    'from' => 'oNjw9wqWBsgRd7zoXDyh6GdK6Qjc',
    'to' => 'gh_0c2d3a9066f5',
    'time' => '1503398020',
    'type' => 'text',
    'event' => NULL,
    'redirection' => false,
    'source' => NULL,
  ),
)

2017-08-22 18:33:41 response :
------------

2017-08-22 18:33:51 trace :
------------
String:
<xml><ToUserName><![CDATA[gh_0c2d3a9066f5]]></ToUserName>
<FromUserName><![CDATA[oNjw9wqWBsgRd7zoXDyh6GdK6Qjc]]></FromUserName>
<CreateTime>1503398031</CreateTime>
<MsgType><![CDATA[event]]></MsgType>
<Event><![CDATA[VIEW]]></Event>
<EventKey><![CDATA[http://wuye.iot-gj.cn/app/index.php?i=2&c=entry&eid=9]]></EventKey>
<MenuId>412230488</MenuId>
</xml>

2017-08-22 18:33:51 params :
------------
String:
array (
  'rule' => -2,
  'module' => '',
  'message' => 
  array (
    'tousername' => 'gh_0c2d3a9066f5',
    'fromusername' => 'oNjw9wqWBsgRd7zoXDyh6GdK6Qjc',
    'createtime' => '1503398031',
    'msgtype' => 'event',
    'event' => 'VIEW',
    'eventkey' => 'http://wuye.iot-gj.cn/app/index.php?i=2&c=entry&eid=9',
    'menuid' => '412230488',
    'from' => 'oNjw9wqWBsgRd7zoXDyh6GdK6Qjc',
    'to' => 'gh_0c2d3a9066f5',
    'time' => '1503398031',
    'type' => 'text',
    'content' => 'http://wuye.iot-gj.cn/app/index.php?i=2&c=entry&eid=9',
    'redirection' => true,
    'source' => 'VIEW',
  ),
)

2017-08-22 18:33:51 response :
------------

2017-08-22 18:33:55 SQL Error :
------------
String:
SQL: <br/>SELECT * FROM `ims_stat_visit` WHERE `date` =  :__date_1 AND `uniacid` =  :__uniacid_2 AND `module` =  :__module_3  LIMIT 1<hr/>Params: <br/>array (
  ':__date_1' => '20170822',
  ':__uniacid_2' => 2,
  ':__module_3' => 'wesite',
)<hr/>SQL Error: <br/>Table 'njzhsq.ims_stat_visit' doesn't exist<hr/>Traces: <br/>file: /framework/class/db.class.php; line: 167; <br />file: /framework/class/db.class.php; line: 227; <br />file: /framework/function/pdo.func.php; line: 49; <br />file: /framework/model/app.mod.php; line: 54; <br />file: /app/source/utility/visit.ctrl.php; line: 9; <br />file: /app/index.php; line: 115; <br />

2017-08-22 18:33:55 SQL Error :
------------
String:
SQL: <br/>INSERT INTO `ims_stat_visit` SET `uniacid` =  :uniacid_1 , `module` =  :module_2 , `date` =  :date_3 , `count` =  :count_4<hr/>Params: <br/>array (
  ':uniacid_1' => 2,
  ':module_2' => 'wesite',
  ':date_3' => '20170822',
  ':count_4' => 1,
)<hr/>SQL Error: <br/>Table 'njzhsq.ims_stat_visit' doesn't exist<hr/>Traces: <br/>file: /framework/class/db.class.php; line: 115; <br />file: /framework/class/db.class.php; line: 285; <br />file: /framework/function/pdo.func.php; line: 71; <br />file: /framework/model/app.mod.php; line: 62; <br />file: /app/source/utility/visit.ctrl.php; line: 9; <br />file: /app/index.php; line: 115; <br />

2017-08-22 18:34:21 SQL Error :
------------
String:
SQL: <br/>SELECT * FROM `ims_stat_visit` WHERE `date` =  :__date_1 AND `uniacid` =  :__uniacid_2 AND `module` =  :__module_3  LIMIT 1<hr/>Params: <br/>array (
  ':__date_1' => '20170822',
  ':__uniacid_2' => 2,
  ':__module_3' => 'wesite',
)<hr/>SQL Error: <br/>Table 'njzhsq.ims_stat_visit' doesn't exist<hr/>Traces: <br/>file: /framework/class/db.class.php; line: 167; <br />file: /framework/class/db.class.php; line: 227; <br />file: /framework/function/pdo.func.php; line: 49; <br />file: /framework/model/app.mod.php; line: 54; <br />file: /app/source/utility/visit.ctrl.php; line: 9; <br />file: /app/index.php; line: 115; <br />

2017-08-22 18:34:21 SQL Error :
------------
String:
SQL: <br/>INSERT INTO `ims_stat_visit` SET `uniacid` =  :uniacid_1 , `module` =  :module_2 , `date` =  :date_3 , `count` =  :count_4<hr/>Params: <br/>array (
  ':uniacid_1' => 2,
  ':module_2' => 'wesite',
  ':date_3' => '20170822',
  ':count_4' => 1,
)<hr/>SQL Error: <br/>Table 'njzhsq.ims_stat_visit' doesn't exist<hr/>Traces: <br/>file: /framework/class/db.class.php; line: 115; <br />file: /framework/class/db.class.php; line: 285; <br />file: /framework/function/pdo.func.php; line: 71; <br />file: /framework/model/app.mod.php; line: 62; <br />file: /app/source/utility/visit.ctrl.php; line: 9; <br />file: /app/index.php; line: 115; <br />

2017-08-22 18:39:18 SQL Error :
------------
String:
SQL: <br/>SELECT * FROM `ims_stat_visit` WHERE `date` =  :__date_1 AND `uniacid` =  :__uniacid_2 AND `module` =  :__module_3  LIMIT 1<hr/>Params: <br/>array (
  ':__date_1' => '20170822',
  ':__uniacid_2' => 2,
  ':__module_3' => 'wesite',
)<hr/>SQL Error: <br/>Table 'njzhsq.ims_stat_visit' doesn't exist<hr/>Traces: <br/>file: /framework/class/db.class.php; line: 167; <br />file: /framework/class/db.class.php; line: 227; <br />file: /framework/function/pdo.func.php; line: 49; <br />file: /framework/model/app.mod.php; line: 54; <br />file: /app/source/utility/visit.ctrl.php; line: 9; <br />file: /app/index.php; line: 115; <br />

2017-08-22 18:39:18 SQL Error :
------------
String:
SQL: <br/>INSERT INTO `ims_stat_visit` SET `uniacid` =  :uniacid_1 , `module` =  :module_2 , `date` =  :date_3 , `count` =  :count_4<hr/>Params: <br/>array (
  ':uniacid_1' => 2,
  ':module_2' => 'wesite',
  ':date_3' => '20170822',
  ':count_4' => 1,
)<hr/>SQL Error: <br/>Table 'njzhsq.ims_stat_visit' doesn't exist<hr/>Traces: <br/>file: /framework/class/db.class.php; line: 115; <br />file: /framework/class/db.class.php; line: 285; <br />file: /framework/function/pdo.func.php; line: 71; <br />file: /framework/model/app.mod.php; line: 62; <br />file: /app/source/utility/visit.ctrl.php; line: 9; <br />file: /app/index.php; line: 115; <br />

2017-08-22 18:40:52 SQL Error :
------------
String:
SQL: <br/>SELECT * FROM `ims_stat_visit` WHERE `date` =  :__date_1 AND `uniacid` =  :__uniacid_2 AND `module` =  :__module_3  LIMIT 1<hr/>Params: <br/>array (
  ':__date_1' => '20170822',
  ':__uniacid_2' => 2,
  ':__module_3' => 'wesite',
)<hr/>SQL Error: <br/>Table 'njzhsq.ims_stat_visit' doesn't exist<hr/>Traces: <br/>file: /framework/class/db.class.php; line: 167; <br />file: /framework/class/db.class.php; line: 227; <br />file: /framework/function/pdo.func.php; line: 49; <br />file: /framework/model/app.mod.php; line: 54; <br />file: /app/source/utility/visit.ctrl.php; line: 9; <br />file: /app/index.php; line: 115; <br />

2017-08-22 18:40:52 SQL Error :
------------
String:
SQL: <br/>INSERT INTO `ims_stat_visit` SET `uniacid` =  :uniacid_1 , `module` =  :module_2 , `date` =  :date_3 , `count` =  :count_4<hr/>Params: <br/>array (
  ':uniacid_1' => 2,
  ':module_2' => 'wesite',
  ':date_3' => '20170822',
  ':count_4' => 1,
)<hr/>SQL Error: <br/>Table 'njzhsq.ims_stat_visit' doesn't exist<hr/>Traces: <br/>file: /framework/class/db.class.php; line: 115; <br />file: /framework/class/db.class.php; line: 285; <br />file: /framework/function/pdo.func.php; line: 71; <br />file: /framework/model/app.mod.php; line: 62; <br />file: /app/source/utility/visit.ctrl.php; line: 9; <br />file: /app/index.php; line: 115; <br />

2017-08-22 18:41:08 SQL Error :
------------
String:
SQL: <br/>SELECT * FROM `ims_stat_visit` WHERE `date` =  :__date_1 AND `uniacid` =  :__uniacid_2 AND `module` =  :__module_3  LIMIT 1<hr/>Params: <br/>array (
  ':__date_1' => '20170822',
  ':__uniacid_2' => 2,
  ':__module_3' => 'wesite',
)<hr/>SQL Error: <br/>Table 'njzhsq.ims_stat_visit' doesn't exist<hr/>Traces: <br/>file: /framework/class/db.class.php; line: 167; <br />file: /framework/class/db.class.php; line: 227; <br />file: /framework/function/pdo.func.php; line: 49; <br />file: /framework/model/app.mod.php; line: 54; <br />file: /app/source/utility/visit.ctrl.php; line: 9; <br />file: /app/index.php; line: 115; <br />

2017-08-22 18:41:08 SQL Error :
------------
String:
SQL: <br/>INSERT INTO `ims_stat_visit` SET `uniacid` =  :uniacid_1 , `module` =  :module_2 , `date` =  :date_3 , `count` =  :count_4<hr/>Params: <br/>array (
  ':uniacid_1' => 2,
  ':module_2' => 'wesite',
  ':date_3' => '20170822',
  ':count_4' => 1,
)<hr/>SQL Error: <br/>Table 'njzhsq.ims_stat_visit' doesn't exist<hr/>Traces: <br/>file: /framework/class/db.class.php; line: 115; <br />file: /framework/class/db.class.php; line: 285; <br />file: /framework/function/pdo.func.php; line: 71; <br />file: /framework/model/app.mod.php; line: 62; <br />file: /app/source/utility/visit.ctrl.php; line: 9; <br />file: /app/index.php; line: 115; <br />

2017-08-22 18:43:04 SQL Error :
------------
String:
SQL: <br/>SELECT * FROM `ims_stat_visit` WHERE `date` =  :__date_1 AND `uniacid` =  :__uniacid_2 AND `module` =  :__module_3  LIMIT 1<hr/>Params: <br/>array (
  ':__date_1' => '20170822',
  ':__uniacid_2' => 2,
  ':__module_3' => 'wesite',
)<hr/>SQL Error: <br/>Table 'njzhsq.ims_stat_visit' doesn't exist<hr/>Traces: <br/>file: /framework/class/db.class.php; line: 167; <br />file: /framework/class/db.class.php; line: 227; <br />file: /framework/function/pdo.func.php; line: 49; <br />file: /framework/model/app.mod.php; line: 54; <br />file: /app/source/utility/visit.ctrl.php; line: 9; <br />file: /app/index.php; line: 115; <br />

2017-08-22 18:43:04 SQL Error :
------------
String:
SQL: <br/>INSERT INTO `ims_stat_visit` SET `uniacid` =  :uniacid_1 , `module` =  :module_2 , `date` =  :date_3 , `count` =  :count_4<hr/>Params: <br/>array (
  ':uniacid_1' => 2,
  ':module_2' => 'wesite',
  ':date_3' => '20170822',
  ':count_4' => 1,
)<hr/>SQL Error: <br/>Table 'njzhsq.ims_stat_visit' doesn't exist<hr/>Traces: <br/>file: /framework/class/db.class.php; line: 115; <br />file: /framework/class/db.class.php; line: 285; <br />file: /framework/function/pdo.func.php; line: 71; <br />file: /framework/model/app.mod.php; line: 62; <br />file: /app/source/utility/visit.ctrl.php; line: 9; <br />file: /app/index.php; line: 115; <br />

2017-08-22 18:43:20 SQL Error :
------------
String:
SQL: <br/>SELECT * FROM `ims_stat_visit` WHERE `date` =  :__date_1 AND `uniacid` =  :__uniacid_2 AND `module` =  :__module_3  LIMIT 1<hr/>Params: <br/>array (
  ':__date_1' => '20170822',
  ':__uniacid_2' => 2,
  ':__module_3' => 'wesite',
)<hr/>SQL Error: <br/>Table 'njzhsq.ims_stat_visit' doesn't exist<hr/>Traces: <br/>file: /framework/class/db.class.php; line: 167; <br />file: /framework/class/db.class.php; line: 227; <br />file: /framework/function/pdo.func.php; line: 49; <br />file: /framework/model/app.mod.php; line: 54; <br />file: /app/source/utility/visit.ctrl.php; line: 9; <br />file: /app/index.php; line: 115; <br />

2017-08-22 18:43:20 SQL Error :
------------
String:
SQL: <br/>INSERT INTO `ims_stat_visit` SET `uniacid` =  :uniacid_1 , `module` =  :module_2 , `date` =  :date_3 , `count` =  :count_4<hr/>Params: <br/>array (
  ':uniacid_1' => 2,
  ':module_2' => 'wesite',
  ':date_3' => '20170822',
  ':count_4' => 1,
)<hr/>SQL Error: <br/>Table 'njzhsq.ims_stat_visit' doesn't exist<hr/>Traces: <br/>file: /framework/class/db.class.php; line: 115; <br />file: /framework/class/db.class.php; line: 285; <br />file: /framework/function/pdo.func.php; line: 71; <br />file: /framework/model/app.mod.php; line: 62; <br />file: /app/source/utility/visit.ctrl.php; line: 9; <br />file: /app/index.php; line: 115; <br />

2017-08-22 18:43:28 SQL Error :
------------
String:
SQL: <br/>SELECT * FROM `ims_stat_visit` WHERE `date` =  :__date_1 AND `uniacid` =  :__uniacid_2 AND `module` =  :__module_3  LIMIT 1<hr/>Params: <br/>array (
  ':__date_1' => '20170822',
  ':__uniacid_2' => 2,
  ':__module_3' => 'wesite',
)<hr/>SQL Error: <br/>Table 'njzhsq.ims_stat_visit' doesn't exist<hr/>Traces: <br/>file: /framework/class/db.class.php; line: 167; <br />file: /framework/class/db.class.php; line: 227; <br />file: /framework/function/pdo.func.php; line: 49; <br />file: /framework/model/app.mod.php; line: 54; <br />file: /app/source/utility/visit.ctrl.php; line: 9; <br />file: /app/index.php; line: 115; <br />

2017-08-22 18:43:28 SQL Error :
------------
String:
SQL: <br/>INSERT INTO `ims_stat_visit` SET `uniacid` =  :uniacid_1 , `module` =  :module_2 , `date` =  :date_3 , `count` =  :count_4<hr/>Params: <br/>array (
  ':uniacid_1' => 2,
  ':module_2' => 'wesite',
  ':date_3' => '20170822',
  ':count_4' => 1,
)<hr/>SQL Error: <br/>Table 'njzhsq.ims_stat_visit' doesn't exist<hr/>Traces: <br/>file: /framework/class/db.class.php; line: 115; <br />file: /framework/class/db.class.php; line: 285; <br />file: /framework/function/pdo.func.php; line: 71; <br />file: /framework/model/app.mod.php; line: 62; <br />file: /app/source/utility/visit.ctrl.php; line: 9; <br />file: /app/index.php; line: 115; <br />

2017-08-22 18:44:23 SQL Error :
------------
String:
SQL: <br/>SELECT * FROM `ims_stat_visit` WHERE `date` =  :__date_1 AND `uniacid` =  :__uniacid_2 AND `module` =  :__module_3  LIMIT 1<hr/>Params: <br/>array (
  ':__date_1' => '20170822',
  ':__uniacid_2' => 2,
  ':__module_3' => 'wesite',
)<hr/>SQL Error: <br/>Table 'njzhsq.ims_stat_visit' doesn't exist<hr/>Traces: <br/>file: /framework/class/db.class.php; line: 167; <br />file: /framework/class/db.class.php; line: 227; <br />file: /framework/function/pdo.func.php; line: 49; <br />file: /framework/model/app.mod.php; line: 54; <br />file: /app/source/utility/visit.ctrl.php; line: 9; <br />file: /app/index.php; line: 115; <br />

2017-08-22 18:44:23 SQL Error :
------------
String:
SQL: <br/>INSERT INTO `ims_stat_visit` SET `uniacid` =  :uniacid_1 , `module` =  :module_2 , `date` =  :date_3 , `count` =  :count_4<hr/>Params: <br/>array (
  ':uniacid_1' => 2,
  ':module_2' => 'wesite',
  ':date_3' => '20170822',
  ':count_4' => 1,
)<hr/>SQL Error: <br/>Table 'njzhsq.ims_stat_visit' doesn't exist<hr/>Traces: <br/>file: /framework/class/db.class.php; line: 115; <br />file: /framework/class/db.class.php; line: 285; <br />file: /framework/function/pdo.func.php; line: 71; <br />file: /framework/model/app.mod.php; line: 62; <br />file: /app/source/utility/visit.ctrl.php; line: 9; <br />file: /app/index.php; line: 115; <br />

2017-08-22 18:44:27 SQL Error :
------------
String:
SQL: <br/>SELECT * FROM `ims_stat_visit` WHERE `date` =  :__date_1 AND `uniacid` =  :__uniacid_2 AND `module` =  :__module_3  LIMIT 1<hr/>Params: <br/>array (
  ':__date_1' => '20170822',
  ':__uniacid_2' => 2,
  ':__module_3' => 'wesite',
)<hr/>SQL Error: <br/>Table 'njzhsq.ims_stat_visit' doesn't exist<hr/>Traces: <br/>file: /framework/class/db.class.php; line: 167; <br />file: /framework/class/db.class.php; line: 227; <br />file: /framework/function/pdo.func.php; line: 49; <br />file: /framework/model/app.mod.php; line: 54; <br />file: /app/source/utility/visit.ctrl.php; line: 9; <br />file: /app/index.php; line: 115; <br />

2017-08-22 18:44:27 SQL Error :
------------
String:
SQL: <br/>INSERT INTO `ims_stat_visit` SET `uniacid` =  :uniacid_1 , `module` =  :module_2 , `date` =  :date_3 , `count` =  :count_4<hr/>Params: <br/>array (
  ':uniacid_1' => 2,
  ':module_2' => 'wesite',
  ':date_3' => '20170822',
  ':count_4' => 1,
)<hr/>SQL Error: <br/>Table 'njzhsq.ims_stat_visit' doesn't exist<hr/>Traces: <br/>file: /framework/class/db.class.php; line: 115; <br />file: /framework/class/db.class.php; line: 285; <br />file: /framework/function/pdo.func.php; line: 71; <br />file: /framework/model/app.mod.php; line: 62; <br />file: /app/source/utility/visit.ctrl.php; line: 9; <br />file: /app/index.php; line: 115; <br />

2017-08-22 18:44:31 SQL Error :
------------
String:
SQL: <br/>SELECT * FROM `ims_stat_visit` WHERE `date` =  :__date_1 AND `uniacid` =  :__uniacid_2 AND `module` =  :__module_3  LIMIT 1<hr/>Params: <br/>array (
  ':__date_1' => '20170822',
  ':__uniacid_2' => 2,
  ':__module_3' => 'wesite',
)<hr/>SQL Error: <br/>Table 'njzhsq.ims_stat_visit' doesn't exist<hr/>Traces: <br/>file: /framework/class/db.class.php; line: 167; <br />file: /framework/class/db.class.php; line: 227; <br />file: /framework/function/pdo.func.php; line: 49; <br />file: /framework/model/app.mod.php; line: 54; <br />file: /app/source/utility/visit.ctrl.php; line: 9; <br />file: /app/index.php; line: 115; <br />

2017-08-22 18:44:31 SQL Error :
------------
String:
SQL: <br/>INSERT INTO `ims_stat_visit` SET `uniacid` =  :uniacid_1 , `module` =  :module_2 , `date` =  :date_3 , `count` =  :count_4<hr/>Params: <br/>array (
  ':uniacid_1' => 2,
  ':module_2' => 'wesite',
  ':date_3' => '20170822',
  ':count_4' => 1,
)<hr/>SQL Error: <br/>Table 'njzhsq.ims_stat_visit' doesn't exist<hr/>Traces: <br/>file: /framework/class/db.class.php; line: 115; <br />file: /framework/class/db.class.php; line: 285; <br />file: /framework/function/pdo.func.php; line: 71; <br />file: /framework/model/app.mod.php; line: 62; <br />file: /app/source/utility/visit.ctrl.php; line: 9; <br />file: /app/index.php; line: 115; <br />

2017-08-22 18:44:32 SQL Error :
------------
String:
SQL: <br/>SELECT * FROM `ims_stat_visit` WHERE `date` =  :__date_1 AND `uniacid` =  :__uniacid_2 AND `module` =  :__module_3  LIMIT 1<hr/>Params: <br/>array (
  ':__date_1' => '20170822',
  ':__uniacid_2' => 2,
  ':__module_3' => 'wesite',
)<hr/>SQL Error: <br/>Table 'njzhsq.ims_stat_visit' doesn't exist<hr/>Traces: <br/>file: /framework/class/db.class.php; line: 167; <br />file: /framework/class/db.class.php; line: 227; <br />file: /framework/function/pdo.func.php; line: 49; <br />file: /framework/model/app.mod.php; line: 54; <br />file: /app/source/utility/visit.ctrl.php; line: 9; <br />file: /app/index.php; line: 115; <br />

2017-08-22 18:44:32 SQL Error :
------------
String:
SQL: <br/>INSERT INTO `ims_stat_visit` SET `uniacid` =  :uniacid_1 , `module` =  :module_2 , `date` =  :date_3 , `count` =  :count_4<hr/>Params: <br/>array (
  ':uniacid_1' => 2,
  ':module_2' => 'wesite',
  ':date_3' => '20170822',
  ':count_4' => 1,
)<hr/>SQL Error: <br/>Table 'njzhsq.ims_stat_visit' doesn't exist<hr/>Traces: <br/>file: /framework/class/db.class.php; line: 115; <br />file: /framework/class/db.class.php; line: 285; <br />file: /framework/function/pdo.func.php; line: 71; <br />file: /framework/model/app.mod.php; line: 62; <br />file: /app/source/utility/visit.ctrl.php; line: 9; <br />file: /app/index.php; line: 115; <br />

2017-08-22 18:44:35 SQL Error :
------------
String:
SQL: <br/>SELECT * FROM `ims_stat_visit` WHERE `date` =  :__date_1 AND `uniacid` =  :__uniacid_2 AND `module` =  :__module_3  LIMIT 1<hr/>Params: <br/>array (
  ':__date_1' => '20170822',
  ':__uniacid_2' => 2,
  ':__module_3' => 'wesite',
)<hr/>SQL Error: <br/>Table 'njzhsq.ims_stat_visit' doesn't exist<hr/>Traces: <br/>file: /framework/class/db.class.php; line: 167; <br />file: /framework/class/db.class.php; line: 227; <br />file: /framework/function/pdo.func.php; line: 49; <br />file: /framework/model/app.mod.php; line: 54; <br />file: /app/source/utility/visit.ctrl.php; line: 9; <br />file: /app/index.php; line: 115; <br />

2017-08-22 18:44:35 SQL Error :
------------
String:
SQL: <br/>INSERT INTO `ims_stat_visit` SET `uniacid` =  :uniacid_1 , `module` =  :module_2 , `date` =  :date_3 , `count` =  :count_4<hr/>Params: <br/>array (
  ':uniacid_1' => 2,
  ':module_2' => 'wesite',
  ':date_3' => '20170822',
  ':count_4' => 1,
)<hr/>SQL Error: <br/>Table 'njzhsq.ims_stat_visit' doesn't exist<hr/>Traces: <br/>file: /framework/class/db.class.php; line: 115; <br />file: /framework/class/db.class.php; line: 285; <br />file: /framework/function/pdo.func.php; line: 71; <br />file: /framework/model/app.mod.php; line: 62; <br />file: /app/source/utility/visit.ctrl.php; line: 9; <br />file: /app/index.php; line: 115; <br />

