2017-10-02 13:14:32 trace :
------------
String:
<xml><ToUserName><![CDATA[gh_0c2d3a9066f5]]></ToUserName>
<FromUserName><![CDATA[oNjw9wsoed-77tdXpJoqpMkFWsdk]]></FromUserName>
<CreateTime>1506921272</CreateTime>
<MsgType><![CDATA[event]]></MsgType>
<Event><![CDATA[VIEW]]></Event>
<EventKey><![CDATA[http://wuye.iot-gj.cn/app/index.php?i=2&c=entry&eid=1]]></EventKey>
<MenuId>412892016</MenuId>
</xml>

2017-10-02 13:14:32 params :
------------
String:
array (
  'rule' => -2,
  'module' => '',
  'message' => 
  array (
    'tousername' => 'gh_0c2d3a9066f5',
    'fromusername' => 'oNjw9wsoed-77tdXpJoqpMkFWsdk',
    'createtime' => '1506921272',
    'msgtype' => 'event',
    'event' => 'VIEW',
    'eventkey' => 'http://wuye.iot-gj.cn/app/index.php?i=2&c=entry&eid=1',
    'menuid' => '412892016',
    'from' => 'oNjw9wsoed-77tdXpJoqpMkFWsdk',
    'to' => 'gh_0c2d3a9066f5',
    'time' => '1506921272',
    'type' => 'text',
    'content' => 'http://wuye.iot-gj.cn/app/index.php?i=2&c=entry&eid=1',
    'redirection' => true,
    'source' => 'VIEW',
  ),
)

2017-10-02 13:14:32 response :
------------

2017-10-02 14:59:29 trace :
------------
String:
<xml><ToUserName><![CDATA[gh_0c2d3a9066f5]]></ToUserName>
<FromUserName><![CDATA[oNjw9wujimSesPD6LJA-ESkKPL_g]]></FromUserName>
<CreateTime>1506927568</CreateTime>
<MsgType><![CDATA[event]]></MsgType>
<Event><![CDATA[VIEW]]></Event>
<EventKey><![CDATA[http://wuye.iot-gj.cn/app/index.php?i=2&c=entry&eid=1]]></EventKey>
<MenuId>412892016</MenuId>
</xml>

2017-10-02 14:59:29 params :
------------
String:
array (
  'rule' => -2,
  'module' => '',
  'message' => 
  array (
    'tousername' => 'gh_0c2d3a9066f5',
    'fromusername' => 'oNjw9wujimSesPD6LJA-ESkKPL_g',
    'createtime' => '1506927568',
    'msgtype' => 'event',
    'event' => 'VIEW',
    'eventkey' => 'http://wuye.iot-gj.cn/app/index.php?i=2&c=entry&eid=1',
    'menuid' => '412892016',
    'from' => 'oNjw9wujimSesPD6LJA-ESkKPL_g',
    'to' => 'gh_0c2d3a9066f5',
    'time' => '1506927568',
    'type' => 'text',
    'content' => 'http://wuye.iot-gj.cn/app/index.php?i=2&c=entry&eid=1',
    'redirection' => true,
    'source' => 'VIEW',
  ),
)

2017-10-02 14:59:29 response :
------------

