2017-08-14 09:52:45 trace :
------------
String:
<xml><ToUserName><![CDATA[gh_0c2d3a9066f5]]></ToUserName>
<FromUserName><![CDATA[oNjw9wiHUT24ks-VP5her_QYjGJY]]></FromUserName>
<CreateTime>1502675564</CreateTime>
<MsgType><![CDATA[event]]></MsgType>
<Event><![CDATA[VIEW]]></Event>
<EventKey><![CDATA[http://wuye.iot-gj.cn/app/index.php?i=2&c=entry&eid=1]]></EventKey>
<MenuId>412230488</MenuId>
</xml>

2017-08-14 09:52:45 params :
------------
String:
array (
  'rule' => -2,
  'module' => '',
  'message' => 
  array (
    'tousername' => 'gh_0c2d3a9066f5',
    'fromusername' => 'oNjw9wiHUT24ks-VP5her_QYjGJY',
    'createtime' => '1502675564',
    'msgtype' => 'event',
    'event' => 'VIEW',
    'eventkey' => 'http://wuye.iot-gj.cn/app/index.php?i=2&c=entry&eid=1',
    'menuid' => '412230488',
    'from' => 'oNjw9wiHUT24ks-VP5her_QYjGJY',
    'to' => 'gh_0c2d3a9066f5',
    'time' => '1502675564',
    'type' => 'text',
    'content' => 'http://wuye.iot-gj.cn/app/index.php?i=2&c=entry&eid=1',
    'redirection' => true,
    'source' => 'VIEW',
  ),
)

2017-08-14 09:52:45 response :
------------

2017-08-14 09:53:21 trace :
------------
String:
<xml><ToUserName><![CDATA[gh_0c2d3a9066f5]]></ToUserName>
<FromUserName><![CDATA[oNjw9wiHUT24ks-VP5her_QYjGJY]]></FromUserName>
<CreateTime>1502675600</CreateTime>
<MsgType><![CDATA[event]]></MsgType>
<Event><![CDATA[VIEW]]></Event>
<EventKey><![CDATA[http://wuye.iot-gj.cn/app/index.php?i=2&c=entry&eid=6]]></EventKey>
<MenuId>412230488</MenuId>
</xml>

2017-08-14 09:53:21 params :
------------
String:
array (
  'rule' => -2,
  'module' => '',
  'message' => 
  array (
    'tousername' => 'gh_0c2d3a9066f5',
    'fromusername' => 'oNjw9wiHUT24ks-VP5her_QYjGJY',
    'createtime' => '1502675600',
    'msgtype' => 'event',
    'event' => 'VIEW',
    'eventkey' => 'http://wuye.iot-gj.cn/app/index.php?i=2&c=entry&eid=6',
    'menuid' => '412230488',
    'from' => 'oNjw9wiHUT24ks-VP5her_QYjGJY',
    'to' => 'gh_0c2d3a9066f5',
    'time' => '1502675600',
    'type' => 'text',
    'content' => 'http://wuye.iot-gj.cn/app/index.php?i=2&c=entry&eid=6',
    'redirection' => true,
    'source' => 'VIEW',
  ),
)

2017-08-14 09:53:21 response :
------------

2017-08-14 09:53:43 trace :
------------
String:
<xml><ToUserName><![CDATA[gh_0c2d3a9066f5]]></ToUserName>
<FromUserName><![CDATA[oNjw9wiHUT24ks-VP5her_QYjGJY]]></FromUserName>
<CreateTime>1502675623</CreateTime>
<MsgType><![CDATA[event]]></MsgType>
<Event><![CDATA[VIEW]]></Event>
<EventKey><![CDATA[http://wuye.iot-gj.cn/app/index.php?i=2&c=entry&eid=1]]></EventKey>
<MenuId>412230488</MenuId>
</xml>

2017-08-14 09:53:43 params :
------------
String:
array (
  'rule' => -2,
  'module' => '',
  'message' => 
  array (
    'tousername' => 'gh_0c2d3a9066f5',
    'fromusername' => 'oNjw9wiHUT24ks-VP5her_QYjGJY',
    'createtime' => '1502675623',
    'msgtype' => 'event',
    'event' => 'VIEW',
    'eventkey' => 'http://wuye.iot-gj.cn/app/index.php?i=2&c=entry&eid=1',
    'menuid' => '412230488',
    'from' => 'oNjw9wiHUT24ks-VP5her_QYjGJY',
    'to' => 'gh_0c2d3a9066f5',
    'time' => '1502675623',
    'type' => 'text',
    'content' => 'http://wuye.iot-gj.cn/app/index.php?i=2&c=entry&eid=1',
    'redirection' => true,
    'source' => 'VIEW',
  ),
)

2017-08-14 09:53:43 response :
------------

2017-08-14 09:54:15 trace :
------------
String:
<xml><ToUserName><![CDATA[gh_0c2d3a9066f5]]></ToUserName>
<FromUserName><![CDATA[oNjw9wiHUT24ks-VP5her_QYjGJY]]></FromUserName>
<CreateTime>1502675654</CreateTime>
<MsgType><![CDATA[event]]></MsgType>
<Event><![CDATA[VIEW]]></Event>
<EventKey><![CDATA[http://wuye.iot-gj.cn/app/index.php?i=2&c=entry&eid=1]]></EventKey>
<MenuId>412230488</MenuId>
</xml>

2017-08-14 09:54:15 params :
------------
String:
array (
  'rule' => -2,
  'module' => '',
  'message' => 
  array (
    'tousername' => 'gh_0c2d3a9066f5',
    'fromusername' => 'oNjw9wiHUT24ks-VP5her_QYjGJY',
    'createtime' => '1502675654',
    'msgtype' => 'event',
    'event' => 'VIEW',
    'eventkey' => 'http://wuye.iot-gj.cn/app/index.php?i=2&c=entry&eid=1',
    'menuid' => '412230488',
    'from' => 'oNjw9wiHUT24ks-VP5her_QYjGJY',
    'to' => 'gh_0c2d3a9066f5',
    'time' => '1502675654',
    'type' => 'text',
    'content' => 'http://wuye.iot-gj.cn/app/index.php?i=2&c=entry&eid=1',
    'redirection' => true,
    'source' => 'VIEW',
  ),
)

2017-08-14 09:54:15 response :
------------

2017-08-14 10:41:47 trace :
------------
String:
<xml><ToUserName><![CDATA[gh_0c2d3a9066f5]]></ToUserName>
<FromUserName><![CDATA[oNjw9wqWBsgRd7zoXDyh6GdK6Qjc]]></FromUserName>
<CreateTime>1502678507</CreateTime>
<MsgType><![CDATA[text]]></MsgType>
<Content><![CDATA[一]]></Content>
<MsgId>6453955044379455527</MsgId>
</xml>

2017-08-14 10:41:47 params :
------------
String:
array (
  'rule' => -2,
  'module' => '',
  'message' => 
  array (
    'tousername' => 'gh_0c2d3a9066f5',
    'fromusername' => 'oNjw9wqWBsgRd7zoXDyh6GdK6Qjc',
    'createtime' => '1502678507',
    'msgtype' => 'text',
    'content' => '一',
    'msgid' => '6453955044379455527',
    'from' => 'oNjw9wqWBsgRd7zoXDyh6GdK6Qjc',
    'to' => 'gh_0c2d3a9066f5',
    'time' => '1502678507',
    'type' => 'text',
    'event' => NULL,
    'redirection' => false,
    'source' => NULL,
  ),
)

2017-08-14 10:41:47 response :
------------

2017-08-14 10:41:52 trace :
------------
String:
<xml><ToUserName><![CDATA[gh_0c2d3a9066f5]]></ToUserName>
<FromUserName><![CDATA[oNjw9wqWBsgRd7zoXDyh6GdK6Qjc]]></FromUserName>
<CreateTime>1502678511</CreateTime>
<MsgType><![CDATA[event]]></MsgType>
<Event><![CDATA[VIEW]]></Event>
<EventKey><![CDATA[http://wuye.iot-gj.cn/app/index.php?i=2&c=entry&eid=1]]></EventKey>
<MenuId>412230488</MenuId>
</xml>

2017-08-14 10:41:52 params :
------------
String:
array (
  'rule' => -2,
  'module' => '',
  'message' => 
  array (
    'tousername' => 'gh_0c2d3a9066f5',
    'fromusername' => 'oNjw9wqWBsgRd7zoXDyh6GdK6Qjc',
    'createtime' => '1502678511',
    'msgtype' => 'event',
    'event' => 'VIEW',
    'eventkey' => 'http://wuye.iot-gj.cn/app/index.php?i=2&c=entry&eid=1',
    'menuid' => '412230488',
    'from' => 'oNjw9wqWBsgRd7zoXDyh6GdK6Qjc',
    'to' => 'gh_0c2d3a9066f5',
    'time' => '1502678511',
    'type' => 'text',
    'content' => 'http://wuye.iot-gj.cn/app/index.php?i=2&c=entry&eid=1',
    'redirection' => true,
    'source' => 'VIEW',
  ),
)

2017-08-14 10:41:52 response :
------------

2017-08-14 11:05:16 trace :
------------
String:
<xml><ToUserName><![CDATA[gh_0c2d3a9066f5]]></ToUserName>
<FromUserName><![CDATA[oNjw9wqOZStEvbG6suK3aaeJO2wI]]></FromUserName>
<CreateTime>1502679916</CreateTime>
<MsgType><![CDATA[event]]></MsgType>
<Event><![CDATA[VIEW]]></Event>
<EventKey><![CDATA[http://wuye.iot-gj.cn/app/index.php?i=2&c=entry&eid=1]]></EventKey>
<MenuId>412230488</MenuId>
</xml>

2017-08-14 11:05:16 params :
------------
String:
array (
  'rule' => -2,
  'module' => '',
  'message' => 
  array (
    'tousername' => 'gh_0c2d3a9066f5',
    'fromusername' => 'oNjw9wqOZStEvbG6suK3aaeJO2wI',
    'createtime' => '1502679916',
    'msgtype' => 'event',
    'event' => 'VIEW',
    'eventkey' => 'http://wuye.iot-gj.cn/app/index.php?i=2&c=entry&eid=1',
    'menuid' => '412230488',
    'from' => 'oNjw9wqOZStEvbG6suK3aaeJO2wI',
    'to' => 'gh_0c2d3a9066f5',
    'time' => '1502679916',
    'type' => 'text',
    'content' => 'http://wuye.iot-gj.cn/app/index.php?i=2&c=entry&eid=1',
    'redirection' => true,
    'source' => 'VIEW',
  ),
)

2017-08-14 11:05:16 response :
------------

