2017-09-12 00:14:37 trace :
------------
String:
<xml><ToUserName><![CDATA[gh_0c2d3a9066f5]]></ToUserName>
<FromUserName><![CDATA[oNjw9wvY0SSNOC1UNR2J-G3K-gW8]]></FromUserName>
<CreateTime>1505146477</CreateTime>
<MsgType><![CDATA[event]]></MsgType>
<Event><![CDATA[subscribe]]></Event>
<EventKey><![CDATA[]]></EventKey>
</xml>

2017-09-12 00:14:37 params :
------------
String:
array (
  'rule' => -2,
  'module' => '',
  'message' => 
  array (
    'tousername' => 'gh_0c2d3a9066f5',
    'fromusername' => 'oNjw9wvY0SSNOC1UNR2J-G3K-gW8',
    'createtime' => '1505146477',
    'msgtype' => 'event',
    'event' => 'subscribe',
    'eventkey' => '',
    'from' => 'oNjw9wvY0SSNOC1UNR2J-G3K-gW8',
    'to' => 'gh_0c2d3a9066f5',
    'time' => '1505146477',
    'type' => 'text',
    'redirection' => true,
    'source' => 'subscribe',
  ),
)

2017-09-12 00:14:37 response :
------------

2017-09-12 14:24:55 trace :
------------
String:
<xml><ToUserName><![CDATA[gh_0c2d3a9066f5]]></ToUserName>
<FromUserName><![CDATA[oNjw9wnOiw4bj-OibdIRKgdUIU5g]]></FromUserName>
<CreateTime>1505197495</CreateTime>
<MsgType><![CDATA[event]]></MsgType>
<Event><![CDATA[VIEW]]></Event>
<EventKey><![CDATA[http://wuye.iot-gj.cn/app/index.php?i=2&c=entry&m=feng_community&do=announcement&]]></EventKey>
<MenuId>412230488</MenuId>
</xml>

2017-09-12 14:24:55 params :
------------
String:
array (
  'rule' => -2,
  'module' => '',
  'message' => 
  array (
    'tousername' => 'gh_0c2d3a9066f5',
    'fromusername' => 'oNjw9wnOiw4bj-OibdIRKgdUIU5g',
    'createtime' => '1505197495',
    'msgtype' => 'event',
    'event' => 'VIEW',
    'eventkey' => 'http://wuye.iot-gj.cn/app/index.php?i=2&c=entry&m=feng_community&do=announcement&',
    'menuid' => '412230488',
    'from' => 'oNjw9wnOiw4bj-OibdIRKgdUIU5g',
    'to' => 'gh_0c2d3a9066f5',
    'time' => '1505197495',
    'type' => 'text',
    'content' => 'http://wuye.iot-gj.cn/app/index.php?i=2&c=entry&m=feng_community&do=announcement&',
    'redirection' => true,
    'source' => 'VIEW',
  ),
)

2017-09-12 14:24:55 response :
------------

2017-09-12 17:24:42 trace :
------------
String:
<xml><ToUserName><![CDATA[gh_0c2d3a9066f5]]></ToUserName>
<FromUserName><![CDATA[oNjw9wib4rWXgYgeFDu_Wi_ZizSQ]]></FromUserName>
<CreateTime>1505208280</CreateTime>
<MsgType><![CDATA[event]]></MsgType>
<Event><![CDATA[VIEW]]></Event>
<EventKey><![CDATA[http://wuye.iot-gj.cn/app/index.php?i=2&c=entry&eid=9]]></EventKey>
<MenuId>412892016</MenuId>
</xml>

2017-09-12 17:24:42 params :
------------
String:
array (
  'rule' => -2,
  'module' => '',
  'message' => 
  array (
    'tousername' => 'gh_0c2d3a9066f5',
    'fromusername' => 'oNjw9wib4rWXgYgeFDu_Wi_ZizSQ',
    'createtime' => '1505208280',
    'msgtype' => 'event',
    'event' => 'VIEW',
    'eventkey' => 'http://wuye.iot-gj.cn/app/index.php?i=2&c=entry&eid=9',
    'menuid' => '412892016',
    'from' => 'oNjw9wib4rWXgYgeFDu_Wi_ZizSQ',
    'to' => 'gh_0c2d3a9066f5',
    'time' => '1505208280',
    'type' => 'text',
    'content' => 'http://wuye.iot-gj.cn/app/index.php?i=2&c=entry&eid=9',
    'redirection' => true,
    'source' => 'VIEW',
  ),
)

2017-09-12 17:24:42 response :
------------

2017-09-12 17:24:48 trace :
------------
String:
<xml><ToUserName><![CDATA[gh_0c2d3a9066f5]]></ToUserName>
<FromUserName><![CDATA[oNjw9wib4rWXgYgeFDu_Wi_ZizSQ]]></FromUserName>
<CreateTime>1505208280</CreateTime>
<MsgType><![CDATA[event]]></MsgType>
<Event><![CDATA[VIEW]]></Event>
<EventKey><![CDATA[http://wuye.iot-gj.cn/app/index.php?i=2&c=entry&eid=9]]></EventKey>
<MenuId>412892016</MenuId>
</xml>

2017-09-12 17:24:48 params :
------------
String:
array (
  'rule' => -2,
  'module' => '',
  'message' => 
  array (
    'tousername' => 'gh_0c2d3a9066f5',
    'fromusername' => 'oNjw9wib4rWXgYgeFDu_Wi_ZizSQ',
    'createtime' => '1505208280',
    'msgtype' => 'event',
    'event' => 'VIEW',
    'eventkey' => 'http://wuye.iot-gj.cn/app/index.php?i=2&c=entry&eid=9',
    'menuid' => '412892016',
    'from' => 'oNjw9wib4rWXgYgeFDu_Wi_ZizSQ',
    'to' => 'gh_0c2d3a9066f5',
    'time' => '1505208280',
    'type' => 'text',
    'content' => 'http://wuye.iot-gj.cn/app/index.php?i=2&c=entry&eid=9',
    'redirection' => true,
    'source' => 'VIEW',
  ),
)

2017-09-12 17:24:48 response :
------------

