2017-09-05 09:55:48 trace :
------------
String:
<xml><ToUserName><![CDATA[gh_0c2d3a9066f5]]></ToUserName>
<FromUserName><![CDATA[oNjw9wsoed-77tdXpJoqpMkFWsdk]]></FromUserName>
<CreateTime>1504576548</CreateTime>
<MsgType><![CDATA[event]]></MsgType>
<Event><![CDATA[VIEW]]></Event>
<EventKey><![CDATA[http://wuye.iot-gj.cn/app/index.php?i=2&c=entry&eid=9]]></EventKey>
<MenuId>412230488</MenuId>
</xml>

2017-09-05 09:55:48 params :
------------
String:
array (
  'rule' => -2,
  'module' => '',
  'message' => 
  array (
    'tousername' => 'gh_0c2d3a9066f5',
    'fromusername' => 'oNjw9wsoed-77tdXpJoqpMkFWsdk',
    'createtime' => '1504576548',
    'msgtype' => 'event',
    'event' => 'VIEW',
    'eventkey' => 'http://wuye.iot-gj.cn/app/index.php?i=2&c=entry&eid=9',
    'menuid' => '412230488',
    'from' => 'oNjw9wsoed-77tdXpJoqpMkFWsdk',
    'to' => 'gh_0c2d3a9066f5',
    'time' => '1504576548',
    'type' => 'text',
    'content' => 'http://wuye.iot-gj.cn/app/index.php?i=2&c=entry&eid=9',
    'redirection' => true,
    'source' => 'VIEW',
  ),
)

2017-09-05 09:55:48 response :
------------

2017-09-05 09:56:28 trace :
------------
String:
<xml><ToUserName><![CDATA[gh_0c2d3a9066f5]]></ToUserName>
<FromUserName><![CDATA[oNjw9wsoed-77tdXpJoqpMkFWsdk]]></FromUserName>
<CreateTime>1504576587</CreateTime>
<MsgType><![CDATA[event]]></MsgType>
<Event><![CDATA[VIEW]]></Event>
<EventKey><![CDATA[http://wuye.iot-gj.cn/app/index.php?i=2&c=entry&eid=1]]></EventKey>
<MenuId>412230488</MenuId>
</xml>

2017-09-05 09:56:28 params :
------------
String:
array (
  'rule' => -2,
  'module' => '',
  'message' => 
  array (
    'tousername' => 'gh_0c2d3a9066f5',
    'fromusername' => 'oNjw9wsoed-77tdXpJoqpMkFWsdk',
    'createtime' => '1504576587',
    'msgtype' => 'event',
    'event' => 'VIEW',
    'eventkey' => 'http://wuye.iot-gj.cn/app/index.php?i=2&c=entry&eid=1',
    'menuid' => '412230488',
    'from' => 'oNjw9wsoed-77tdXpJoqpMkFWsdk',
    'to' => 'gh_0c2d3a9066f5',
    'time' => '1504576587',
    'type' => 'text',
    'content' => 'http://wuye.iot-gj.cn/app/index.php?i=2&c=entry&eid=1',
    'redirection' => true,
    'source' => 'VIEW',
  ),
)

2017-09-05 09:56:28 response :
------------

2017-09-05 09:57:07 trace :
------------
String:
<xml><ToUserName><![CDATA[gh_0c2d3a9066f5]]></ToUserName>
<FromUserName><![CDATA[oNjw9wsoed-77tdXpJoqpMkFWsdk]]></FromUserName>
<CreateTime>1504576627</CreateTime>
<MsgType><![CDATA[event]]></MsgType>
<Event><![CDATA[VIEW]]></Event>
<EventKey><![CDATA[http://wuye.iot-gj.cn/app/index.php?i=2&c=entry&eid=6]]></EventKey>
<MenuId>412230488</MenuId>
</xml>

2017-09-05 09:57:07 params :
------------
String:
array (
  'rule' => -2,
  'module' => '',
  'message' => 
  array (
    'tousername' => 'gh_0c2d3a9066f5',
    'fromusername' => 'oNjw9wsoed-77tdXpJoqpMkFWsdk',
    'createtime' => '1504576627',
    'msgtype' => 'event',
    'event' => 'VIEW',
    'eventkey' => 'http://wuye.iot-gj.cn/app/index.php?i=2&c=entry&eid=6',
    'menuid' => '412230488',
    'from' => 'oNjw9wsoed-77tdXpJoqpMkFWsdk',
    'to' => 'gh_0c2d3a9066f5',
    'time' => '1504576627',
    'type' => 'text',
    'content' => 'http://wuye.iot-gj.cn/app/index.php?i=2&c=entry&eid=6',
    'redirection' => true,
    'source' => 'VIEW',
  ),
)

2017-09-05 09:57:07 response :
------------

