2017-08-28 10:51:01 SQL Error :
------------
String:
SQL: <br/>SELECT * FROM `ims_stat_visit` WHERE `date` =  :__date_1 AND `uniacid` =  :__uniacid_2 AND `module` =  :__module_3  LIMIT 1<hr/>Params: <br/>array (
  ':__date_1' => '20170828',
  ':__uniacid_2' => 2,
  ':__module_3' => 'wesite',
)<hr/>SQL Error: <br/>Table 'njzhsq.ims_stat_visit' doesn't exist<hr/>Traces: <br/>file: /framework/class/db.class.php; line: 167; <br />file: /framework/class/db.class.php; line: 227; <br />file: /framework/function/pdo.func.php; line: 49; <br />file: /framework/model/app.mod.php; line: 54; <br />file: /app/source/utility/visit.ctrl.php; line: 9; <br />file: /app/index.php; line: 115; <br />

2017-08-28 10:51:01 SQL Error :
------------
String:
SQL: <br/>INSERT INTO `ims_stat_visit` SET `uniacid` =  :uniacid_1 , `module` =  :module_2 , `date` =  :date_3 , `count` =  :count_4<hr/>Params: <br/>array (
  ':uniacid_1' => 2,
  ':module_2' => 'wesite',
  ':date_3' => '20170828',
  ':count_4' => 1,
)<hr/>SQL Error: <br/>Table 'njzhsq.ims_stat_visit' doesn't exist<hr/>Traces: <br/>file: /framework/class/db.class.php; line: 115; <br />file: /framework/class/db.class.php; line: 285; <br />file: /framework/function/pdo.func.php; line: 71; <br />file: /framework/model/app.mod.php; line: 62; <br />file: /app/source/utility/visit.ctrl.php; line: 9; <br />file: /app/index.php; line: 115; <br />

2017-08-28 10:51:12 SQL Error :
------------
String:
SQL: <br/>SELECT * FROM `ims_stat_visit` WHERE `date` =  :__date_1 AND `uniacid` =  :__uniacid_2 AND `module` =  :__module_3  LIMIT 1<hr/>Params: <br/>array (
  ':__date_1' => '20170828',
  ':__uniacid_2' => 2,
  ':__module_3' => 'wesite',
)<hr/>SQL Error: <br/>Table 'njzhsq.ims_stat_visit' doesn't exist<hr/>Traces: <br/>file: /framework/class/db.class.php; line: 167; <br />file: /framework/class/db.class.php; line: 227; <br />file: /framework/function/pdo.func.php; line: 49; <br />file: /framework/model/app.mod.php; line: 54; <br />file: /app/source/utility/visit.ctrl.php; line: 9; <br />file: /app/index.php; line: 115; <br />

2017-08-28 10:51:12 SQL Error :
------------
String:
SQL: <br/>INSERT INTO `ims_stat_visit` SET `uniacid` =  :uniacid_1 , `module` =  :module_2 , `date` =  :date_3 , `count` =  :count_4<hr/>Params: <br/>array (
  ':uniacid_1' => 2,
  ':module_2' => 'wesite',
  ':date_3' => '20170828',
  ':count_4' => 1,
)<hr/>SQL Error: <br/>Table 'njzhsq.ims_stat_visit' doesn't exist<hr/>Traces: <br/>file: /framework/class/db.class.php; line: 115; <br />file: /framework/class/db.class.php; line: 285; <br />file: /framework/function/pdo.func.php; line: 71; <br />file: /framework/model/app.mod.php; line: 62; <br />file: /app/source/utility/visit.ctrl.php; line: 9; <br />file: /app/index.php; line: 115; <br />

2017-08-28 10:51:16 SQL Error :
------------
String:
SQL: <br/>SELECT * FROM `ims_stat_visit` WHERE `date` =  :__date_1 AND `uniacid` =  :__uniacid_2 AND `module` =  :__module_3  LIMIT 1<hr/>Params: <br/>array (
  ':__date_1' => '20170828',
  ':__uniacid_2' => 2,
  ':__module_3' => 'wesite',
)<hr/>SQL Error: <br/>Table 'njzhsq.ims_stat_visit' doesn't exist<hr/>Traces: <br/>file: /framework/class/db.class.php; line: 167; <br />file: /framework/class/db.class.php; line: 227; <br />file: /framework/function/pdo.func.php; line: 49; <br />file: /framework/model/app.mod.php; line: 54; <br />file: /app/source/utility/visit.ctrl.php; line: 9; <br />file: /app/index.php; line: 115; <br />

2017-08-28 10:51:16 SQL Error :
------------
String:
SQL: <br/>INSERT INTO `ims_stat_visit` SET `uniacid` =  :uniacid_1 , `module` =  :module_2 , `date` =  :date_3 , `count` =  :count_4<hr/>Params: <br/>array (
  ':uniacid_1' => 2,
  ':module_2' => 'wesite',
  ':date_3' => '20170828',
  ':count_4' => 1,
)<hr/>SQL Error: <br/>Table 'njzhsq.ims_stat_visit' doesn't exist<hr/>Traces: <br/>file: /framework/class/db.class.php; line: 115; <br />file: /framework/class/db.class.php; line: 285; <br />file: /framework/function/pdo.func.php; line: 71; <br />file: /framework/model/app.mod.php; line: 62; <br />file: /app/source/utility/visit.ctrl.php; line: 9; <br />file: /app/index.php; line: 115; <br />

2017-08-28 11:13:07 SQL Error :
------------
String:
SQL: <br/>SELECT * FROM `ims_stat_visit` WHERE `date` =  :__date_1 AND `uniacid` =  :__uniacid_2 AND `module` =  :__module_3  LIMIT 1<hr/>Params: <br/>array (
  ':__date_1' => '20170828',
  ':__uniacid_2' => 2,
  ':__module_3' => 'wesite',
)<hr/>SQL Error: <br/>Table 'njzhsq.ims_stat_visit' doesn't exist<hr/>Traces: <br/>file: /framework/class/db.class.php; line: 167; <br />file: /framework/class/db.class.php; line: 227; <br />file: /framework/function/pdo.func.php; line: 49; <br />file: /framework/model/app.mod.php; line: 54; <br />file: /app/source/utility/visit.ctrl.php; line: 9; <br />file: /app/index.php; line: 115; <br />

2017-08-28 11:13:07 SQL Error :
------------
String:
SQL: <br/>INSERT INTO `ims_stat_visit` SET `uniacid` =  :uniacid_1 , `module` =  :module_2 , `date` =  :date_3 , `count` =  :count_4<hr/>Params: <br/>array (
  ':uniacid_1' => 2,
  ':module_2' => 'wesite',
  ':date_3' => '20170828',
  ':count_4' => 1,
)<hr/>SQL Error: <br/>Table 'njzhsq.ims_stat_visit' doesn't exist<hr/>Traces: <br/>file: /framework/class/db.class.php; line: 115; <br />file: /framework/class/db.class.php; line: 285; <br />file: /framework/function/pdo.func.php; line: 71; <br />file: /framework/model/app.mod.php; line: 62; <br />file: /app/source/utility/visit.ctrl.php; line: 9; <br />file: /app/index.php; line: 115; <br />

2017-08-28 11:13:15 SQL Error :
------------
String:
SQL: <br/>SELECT * FROM `ims_stat_visit` WHERE `date` =  :__date_1 AND `uniacid` =  :__uniacid_2 AND `module` =  :__module_3  LIMIT 1<hr/>Params: <br/>array (
  ':__date_1' => '20170828',
  ':__uniacid_2' => 2,
  ':__module_3' => 'wesite',
)<hr/>SQL Error: <br/>Table 'njzhsq.ims_stat_visit' doesn't exist<hr/>Traces: <br/>file: /framework/class/db.class.php; line: 167; <br />file: /framework/class/db.class.php; line: 227; <br />file: /framework/function/pdo.func.php; line: 49; <br />file: /framework/model/app.mod.php; line: 54; <br />file: /app/source/utility/visit.ctrl.php; line: 9; <br />file: /app/index.php; line: 115; <br />

2017-08-28 11:13:15 SQL Error :
------------
String:
SQL: <br/>INSERT INTO `ims_stat_visit` SET `uniacid` =  :uniacid_1 , `module` =  :module_2 , `date` =  :date_3 , `count` =  :count_4<hr/>Params: <br/>array (
  ':uniacid_1' => 2,
  ':module_2' => 'wesite',
  ':date_3' => '20170828',
  ':count_4' => 1,
)<hr/>SQL Error: <br/>Table 'njzhsq.ims_stat_visit' doesn't exist<hr/>Traces: <br/>file: /framework/class/db.class.php; line: 115; <br />file: /framework/class/db.class.php; line: 285; <br />file: /framework/function/pdo.func.php; line: 71; <br />file: /framework/model/app.mod.php; line: 62; <br />file: /app/source/utility/visit.ctrl.php; line: 9; <br />file: /app/index.php; line: 115; <br />

2017-08-28 11:13:21 SQL Error :
------------
String:
SQL: <br/>SELECT * FROM `ims_stat_visit` WHERE `date` =  :__date_1 AND `uniacid` =  :__uniacid_2 AND `module` =  :__module_3  LIMIT 1<hr/>Params: <br/>array (
  ':__date_1' => '20170828',
  ':__uniacid_2' => 2,
  ':__module_3' => 'wesite',
)<hr/>SQL Error: <br/>Table 'njzhsq.ims_stat_visit' doesn't exist<hr/>Traces: <br/>file: /framework/class/db.class.php; line: 167; <br />file: /framework/class/db.class.php; line: 227; <br />file: /framework/function/pdo.func.php; line: 49; <br />file: /framework/model/app.mod.php; line: 54; <br />file: /app/source/utility/visit.ctrl.php; line: 9; <br />file: /app/index.php; line: 115; <br />

2017-08-28 11:13:21 SQL Error :
------------
String:
SQL: <br/>INSERT INTO `ims_stat_visit` SET `uniacid` =  :uniacid_1 , `module` =  :module_2 , `date` =  :date_3 , `count` =  :count_4<hr/>Params: <br/>array (
  ':uniacid_1' => 2,
  ':module_2' => 'wesite',
  ':date_3' => '20170828',
  ':count_4' => 1,
)<hr/>SQL Error: <br/>Table 'njzhsq.ims_stat_visit' doesn't exist<hr/>Traces: <br/>file: /framework/class/db.class.php; line: 115; <br />file: /framework/class/db.class.php; line: 285; <br />file: /framework/function/pdo.func.php; line: 71; <br />file: /framework/model/app.mod.php; line: 62; <br />file: /app/source/utility/visit.ctrl.php; line: 9; <br />file: /app/index.php; line: 115; <br />

2017-08-28 11:13:23 SQL Error :
------------
String:
SQL: <br/>SELECT * FROM `ims_stat_visit` WHERE `date` =  :__date_1 AND `uniacid` =  :__uniacid_2 AND `module` =  :__module_3  LIMIT 1<hr/>Params: <br/>array (
  ':__date_1' => '20170828',
  ':__uniacid_2' => 2,
  ':__module_3' => 'wesite',
)<hr/>SQL Error: <br/>Table 'njzhsq.ims_stat_visit' doesn't exist<hr/>Traces: <br/>file: /framework/class/db.class.php; line: 167; <br />file: /framework/class/db.class.php; line: 227; <br />file: /framework/function/pdo.func.php; line: 49; <br />file: /framework/model/app.mod.php; line: 54; <br />file: /app/source/utility/visit.ctrl.php; line: 9; <br />file: /app/index.php; line: 115; <br />

2017-08-28 11:13:23 SQL Error :
------------
String:
SQL: <br/>INSERT INTO `ims_stat_visit` SET `uniacid` =  :uniacid_1 , `module` =  :module_2 , `date` =  :date_3 , `count` =  :count_4<hr/>Params: <br/>array (
  ':uniacid_1' => 2,
  ':module_2' => 'wesite',
  ':date_3' => '20170828',
  ':count_4' => 1,
)<hr/>SQL Error: <br/>Table 'njzhsq.ims_stat_visit' doesn't exist<hr/>Traces: <br/>file: /framework/class/db.class.php; line: 115; <br />file: /framework/class/db.class.php; line: 285; <br />file: /framework/function/pdo.func.php; line: 71; <br />file: /framework/model/app.mod.php; line: 62; <br />file: /app/source/utility/visit.ctrl.php; line: 9; <br />file: /app/index.php; line: 115; <br />

2017-08-28 11:13:24 SQL Error :
------------
String:
SQL: <br/>SELECT * FROM `ims_stat_visit` WHERE `date` =  :__date_1 AND `uniacid` =  :__uniacid_2 AND `module` =  :__module_3  LIMIT 1<hr/>Params: <br/>array (
  ':__date_1' => '20170828',
  ':__uniacid_2' => 2,
  ':__module_3' => 'wesite',
)<hr/>SQL Error: <br/>Table 'njzhsq.ims_stat_visit' doesn't exist<hr/>Traces: <br/>file: /framework/class/db.class.php; line: 167; <br />file: /framework/class/db.class.php; line: 227; <br />file: /framework/function/pdo.func.php; line: 49; <br />file: /framework/model/app.mod.php; line: 54; <br />file: /app/source/utility/visit.ctrl.php; line: 9; <br />file: /app/index.php; line: 115; <br />

2017-08-28 11:13:24 SQL Error :
------------
String:
SQL: <br/>INSERT INTO `ims_stat_visit` SET `uniacid` =  :uniacid_1 , `module` =  :module_2 , `date` =  :date_3 , `count` =  :count_4<hr/>Params: <br/>array (
  ':uniacid_1' => 2,
  ':module_2' => 'wesite',
  ':date_3' => '20170828',
  ':count_4' => 1,
)<hr/>SQL Error: <br/>Table 'njzhsq.ims_stat_visit' doesn't exist<hr/>Traces: <br/>file: /framework/class/db.class.php; line: 115; <br />file: /framework/class/db.class.php; line: 285; <br />file: /framework/function/pdo.func.php; line: 71; <br />file: /framework/model/app.mod.php; line: 62; <br />file: /app/source/utility/visit.ctrl.php; line: 9; <br />file: /app/index.php; line: 115; <br />

2017-08-28 11:13:24 SQL Error :
------------
String:
SQL: <br/>SELECT * FROM `ims_stat_visit` WHERE `date` =  :__date_1 AND `uniacid` =  :__uniacid_2 AND `module` =  :__module_3  LIMIT 1<hr/>Params: <br/>array (
  ':__date_1' => '20170828',
  ':__uniacid_2' => 2,
  ':__module_3' => 'wesite',
)<hr/>SQL Error: <br/>Table 'njzhsq.ims_stat_visit' doesn't exist<hr/>Traces: <br/>file: /framework/class/db.class.php; line: 167; <br />file: /framework/class/db.class.php; line: 227; <br />file: /framework/function/pdo.func.php; line: 49; <br />file: /framework/model/app.mod.php; line: 54; <br />file: /app/source/utility/visit.ctrl.php; line: 9; <br />file: /app/index.php; line: 115; <br />

2017-08-28 11:13:24 SQL Error :
------------
String:
SQL: <br/>INSERT INTO `ims_stat_visit` SET `uniacid` =  :uniacid_1 , `module` =  :module_2 , `date` =  :date_3 , `count` =  :count_4<hr/>Params: <br/>array (
  ':uniacid_1' => 2,
  ':module_2' => 'wesite',
  ':date_3' => '20170828',
  ':count_4' => 1,
)<hr/>SQL Error: <br/>Table 'njzhsq.ims_stat_visit' doesn't exist<hr/>Traces: <br/>file: /framework/class/db.class.php; line: 115; <br />file: /framework/class/db.class.php; line: 285; <br />file: /framework/function/pdo.func.php; line: 71; <br />file: /framework/model/app.mod.php; line: 62; <br />file: /app/source/utility/visit.ctrl.php; line: 9; <br />file: /app/index.php; line: 115; <br />

2017-08-28 11:13:24 SQL Error :
------------
String:
SQL: <br/>SELECT * FROM `ims_stat_visit` WHERE `date` =  :__date_1 AND `uniacid` =  :__uniacid_2 AND `module` =  :__module_3  LIMIT 1<hr/>Params: <br/>array (
  ':__date_1' => '20170828',
  ':__uniacid_2' => 2,
  ':__module_3' => 'wesite',
)<hr/>SQL Error: <br/>Table 'njzhsq.ims_stat_visit' doesn't exist<hr/>Traces: <br/>file: /framework/class/db.class.php; line: 167; <br />file: /framework/class/db.class.php; line: 227; <br />file: /framework/function/pdo.func.php; line: 49; <br />file: /framework/model/app.mod.php; line: 54; <br />file: /app/source/utility/visit.ctrl.php; line: 9; <br />file: /app/index.php; line: 115; <br />

2017-08-28 11:13:24 SQL Error :
------------
String:
SQL: <br/>INSERT INTO `ims_stat_visit` SET `uniacid` =  :uniacid_1 , `module` =  :module_2 , `date` =  :date_3 , `count` =  :count_4<hr/>Params: <br/>array (
  ':uniacid_1' => 2,
  ':module_2' => 'wesite',
  ':date_3' => '20170828',
  ':count_4' => 1,
)<hr/>SQL Error: <br/>Table 'njzhsq.ims_stat_visit' doesn't exist<hr/>Traces: <br/>file: /framework/class/db.class.php; line: 115; <br />file: /framework/class/db.class.php; line: 285; <br />file: /framework/function/pdo.func.php; line: 71; <br />file: /framework/model/app.mod.php; line: 62; <br />file: /app/source/utility/visit.ctrl.php; line: 9; <br />file: /app/index.php; line: 115; <br />

2017-08-28 11:13:24 SQL Error :
------------
String:
SQL: <br/>SELECT * FROM `ims_stat_visit` WHERE `date` =  :__date_1 AND `uniacid` =  :__uniacid_2 AND `module` =  :__module_3  LIMIT 1<hr/>Params: <br/>array (
  ':__date_1' => '20170828',
  ':__uniacid_2' => 2,
  ':__module_3' => 'wesite',
)<hr/>SQL Error: <br/>Table 'njzhsq.ims_stat_visit' doesn't exist<hr/>Traces: <br/>file: /framework/class/db.class.php; line: 167; <br />file: /framework/class/db.class.php; line: 227; <br />file: /framework/function/pdo.func.php; line: 49; <br />file: /framework/model/app.mod.php; line: 54; <br />file: /app/source/utility/visit.ctrl.php; line: 9; <br />file: /app/index.php; line: 115; <br />

2017-08-28 11:13:24 SQL Error :
------------
String:
SQL: <br/>INSERT INTO `ims_stat_visit` SET `uniacid` =  :uniacid_1 , `module` =  :module_2 , `date` =  :date_3 , `count` =  :count_4<hr/>Params: <br/>array (
  ':uniacid_1' => 2,
  ':module_2' => 'wesite',
  ':date_3' => '20170828',
  ':count_4' => 1,
)<hr/>SQL Error: <br/>Table 'njzhsq.ims_stat_visit' doesn't exist<hr/>Traces: <br/>file: /framework/class/db.class.php; line: 115; <br />file: /framework/class/db.class.php; line: 285; <br />file: /framework/function/pdo.func.php; line: 71; <br />file: /framework/model/app.mod.php; line: 62; <br />file: /app/source/utility/visit.ctrl.php; line: 9; <br />file: /app/index.php; line: 115; <br />

2017-08-28 11:13:24 SQL Error :
------------
String:
SQL: <br/>SELECT * FROM `ims_stat_visit` WHERE `date` =  :__date_1 AND `uniacid` =  :__uniacid_2 AND `module` =  :__module_3  LIMIT 1<hr/>Params: <br/>array (
  ':__date_1' => '20170828',
  ':__uniacid_2' => 2,
  ':__module_3' => 'wesite',
)<hr/>SQL Error: <br/>Table 'njzhsq.ims_stat_visit' doesn't exist<hr/>Traces: <br/>file: /framework/class/db.class.php; line: 167; <br />file: /framework/class/db.class.php; line: 227; <br />file: /framework/function/pdo.func.php; line: 49; <br />file: /framework/model/app.mod.php; line: 54; <br />file: /app/source/utility/visit.ctrl.php; line: 9; <br />file: /app/index.php; line: 115; <br />

2017-08-28 11:13:24 SQL Error :
------------
String:
SQL: <br/>INSERT INTO `ims_stat_visit` SET `uniacid` =  :uniacid_1 , `module` =  :module_2 , `date` =  :date_3 , `count` =  :count_4<hr/>Params: <br/>array (
  ':uniacid_1' => 2,
  ':module_2' => 'wesite',
  ':date_3' => '20170828',
  ':count_4' => 1,
)<hr/>SQL Error: <br/>Table 'njzhsq.ims_stat_visit' doesn't exist<hr/>Traces: <br/>file: /framework/class/db.class.php; line: 115; <br />file: /framework/class/db.class.php; line: 285; <br />file: /framework/function/pdo.func.php; line: 71; <br />file: /framework/model/app.mod.php; line: 62; <br />file: /app/source/utility/visit.ctrl.php; line: 9; <br />file: /app/index.php; line: 115; <br />

2017-08-28 11:13:25 SQL Error :
------------
String:
SQL: <br/>SELECT * FROM `ims_stat_visit` WHERE `date` =  :__date_1 AND `uniacid` =  :__uniacid_2 AND `module` =  :__module_3  LIMIT 1<hr/>Params: <br/>array (
  ':__date_1' => '20170828',
  ':__uniacid_2' => 2,
  ':__module_3' => 'wesite',
)<hr/>SQL Error: <br/>Table 'njzhsq.ims_stat_visit' doesn't exist<hr/>Traces: <br/>file: /framework/class/db.class.php; line: 167; <br />file: /framework/class/db.class.php; line: 227; <br />file: /framework/function/pdo.func.php; line: 49; <br />file: /framework/model/app.mod.php; line: 54; <br />file: /app/source/utility/visit.ctrl.php; line: 9; <br />file: /app/index.php; line: 115; <br />

2017-08-28 11:13:25 SQL Error :
------------
String:
SQL: <br/>INSERT INTO `ims_stat_visit` SET `uniacid` =  :uniacid_1 , `module` =  :module_2 , `date` =  :date_3 , `count` =  :count_4<hr/>Params: <br/>array (
  ':uniacid_1' => 2,
  ':module_2' => 'wesite',
  ':date_3' => '20170828',
  ':count_4' => 1,
)<hr/>SQL Error: <br/>Table 'njzhsq.ims_stat_visit' doesn't exist<hr/>Traces: <br/>file: /framework/class/db.class.php; line: 115; <br />file: /framework/class/db.class.php; line: 285; <br />file: /framework/function/pdo.func.php; line: 71; <br />file: /framework/model/app.mod.php; line: 62; <br />file: /app/source/utility/visit.ctrl.php; line: 9; <br />file: /app/index.php; line: 115; <br />

2017-08-28 11:13:25 SQL Error :
------------
String:
SQL: <br/>SELECT * FROM `ims_stat_visit` WHERE `date` =  :__date_1 AND `uniacid` =  :__uniacid_2 AND `module` =  :__module_3  LIMIT 1<hr/>Params: <br/>array (
  ':__date_1' => '20170828',
  ':__uniacid_2' => 2,
  ':__module_3' => 'wesite',
)<hr/>SQL Error: <br/>Table 'njzhsq.ims_stat_visit' doesn't exist<hr/>Traces: <br/>file: /framework/class/db.class.php; line: 167; <br />file: /framework/class/db.class.php; line: 227; <br />file: /framework/function/pdo.func.php; line: 49; <br />file: /framework/model/app.mod.php; line: 54; <br />file: /app/source/utility/visit.ctrl.php; line: 9; <br />file: /app/index.php; line: 115; <br />

2017-08-28 11:13:25 SQL Error :
------------
String:
SQL: <br/>INSERT INTO `ims_stat_visit` SET `uniacid` =  :uniacid_1 , `module` =  :module_2 , `date` =  :date_3 , `count` =  :count_4<hr/>Params: <br/>array (
  ':uniacid_1' => 2,
  ':module_2' => 'wesite',
  ':date_3' => '20170828',
  ':count_4' => 1,
)<hr/>SQL Error: <br/>Table 'njzhsq.ims_stat_visit' doesn't exist<hr/>Traces: <br/>file: /framework/class/db.class.php; line: 115; <br />file: /framework/class/db.class.php; line: 285; <br />file: /framework/function/pdo.func.php; line: 71; <br />file: /framework/model/app.mod.php; line: 62; <br />file: /app/source/utility/visit.ctrl.php; line: 9; <br />file: /app/index.php; line: 115; <br />

2017-08-28 11:13:25 SQL Error :
------------
String:
SQL: <br/>SELECT * FROM `ims_stat_visit` WHERE `date` =  :__date_1 AND `uniacid` =  :__uniacid_2 AND `module` =  :__module_3  LIMIT 1<hr/>Params: <br/>array (
  ':__date_1' => '20170828',
  ':__uniacid_2' => 2,
  ':__module_3' => 'wesite',
)<hr/>SQL Error: <br/>Table 'njzhsq.ims_stat_visit' doesn't exist<hr/>Traces: <br/>file: /framework/class/db.class.php; line: 167; <br />file: /framework/class/db.class.php; line: 227; <br />file: /framework/function/pdo.func.php; line: 49; <br />file: /framework/model/app.mod.php; line: 54; <br />file: /app/source/utility/visit.ctrl.php; line: 9; <br />file: /app/index.php; line: 115; <br />

2017-08-28 11:13:25 SQL Error :
------------
String:
SQL: <br/>INSERT INTO `ims_stat_visit` SET `uniacid` =  :uniacid_1 , `module` =  :module_2 , `date` =  :date_3 , `count` =  :count_4<hr/>Params: <br/>array (
  ':uniacid_1' => 2,
  ':module_2' => 'wesite',
  ':date_3' => '20170828',
  ':count_4' => 1,
)<hr/>SQL Error: <br/>Table 'njzhsq.ims_stat_visit' doesn't exist<hr/>Traces: <br/>file: /framework/class/db.class.php; line: 115; <br />file: /framework/class/db.class.php; line: 285; <br />file: /framework/function/pdo.func.php; line: 71; <br />file: /framework/model/app.mod.php; line: 62; <br />file: /app/source/utility/visit.ctrl.php; line: 9; <br />file: /app/index.php; line: 115; <br />

2017-08-28 11:13:26 SQL Error :
------------
String:
SQL: <br/>SELECT * FROM `ims_stat_visit` WHERE `date` =  :__date_1 AND `uniacid` =  :__uniacid_2 AND `module` =  :__module_3  LIMIT 1<hr/>Params: <br/>array (
  ':__date_1' => '20170828',
  ':__uniacid_2' => 2,
  ':__module_3' => 'wesite',
)<hr/>SQL Error: <br/>Table 'njzhsq.ims_stat_visit' doesn't exist<hr/>Traces: <br/>file: /framework/class/db.class.php; line: 167; <br />file: /framework/class/db.class.php; line: 227; <br />file: /framework/function/pdo.func.php; line: 49; <br />file: /framework/model/app.mod.php; line: 54; <br />file: /app/source/utility/visit.ctrl.php; line: 9; <br />file: /app/index.php; line: 115; <br />

2017-08-28 11:13:26 SQL Error :
------------
String:
SQL: <br/>INSERT INTO `ims_stat_visit` SET `uniacid` =  :uniacid_1 , `module` =  :module_2 , `date` =  :date_3 , `count` =  :count_4<hr/>Params: <br/>array (
  ':uniacid_1' => 2,
  ':module_2' => 'wesite',
  ':date_3' => '20170828',
  ':count_4' => 1,
)<hr/>SQL Error: <br/>Table 'njzhsq.ims_stat_visit' doesn't exist<hr/>Traces: <br/>file: /framework/class/db.class.php; line: 115; <br />file: /framework/class/db.class.php; line: 285; <br />file: /framework/function/pdo.func.php; line: 71; <br />file: /framework/model/app.mod.php; line: 62; <br />file: /app/source/utility/visit.ctrl.php; line: 9; <br />file: /app/index.php; line: 115; <br />

2017-08-28 11:13:26 SQL Error :
------------
String:
SQL: <br/>SELECT * FROM `ims_stat_visit` WHERE `date` =  :__date_1 AND `uniacid` =  :__uniacid_2 AND `module` =  :__module_3  LIMIT 1<hr/>Params: <br/>array (
  ':__date_1' => '20170828',
  ':__uniacid_2' => 2,
  ':__module_3' => 'wesite',
)<hr/>SQL Error: <br/>Table 'njzhsq.ims_stat_visit' doesn't exist<hr/>Traces: <br/>file: /framework/class/db.class.php; line: 167; <br />file: /framework/class/db.class.php; line: 227; <br />file: /framework/function/pdo.func.php; line: 49; <br />file: /framework/model/app.mod.php; line: 54; <br />file: /app/source/utility/visit.ctrl.php; line: 9; <br />file: /app/index.php; line: 115; <br />

2017-08-28 11:13:26 SQL Error :
------------
String:
SQL: <br/>INSERT INTO `ims_stat_visit` SET `uniacid` =  :uniacid_1 , `module` =  :module_2 , `date` =  :date_3 , `count` =  :count_4<hr/>Params: <br/>array (
  ':uniacid_1' => 2,
  ':module_2' => 'wesite',
  ':date_3' => '20170828',
  ':count_4' => 1,
)<hr/>SQL Error: <br/>Table 'njzhsq.ims_stat_visit' doesn't exist<hr/>Traces: <br/>file: /framework/class/db.class.php; line: 115; <br />file: /framework/class/db.class.php; line: 285; <br />file: /framework/function/pdo.func.php; line: 71; <br />file: /framework/model/app.mod.php; line: 62; <br />file: /app/source/utility/visit.ctrl.php; line: 9; <br />file: /app/index.php; line: 115; <br />

2017-08-28 11:13:26 SQL Error :
------------
String:
SQL: <br/>SELECT * FROM `ims_stat_visit` WHERE `date` =  :__date_1 AND `uniacid` =  :__uniacid_2 AND `module` =  :__module_3  LIMIT 1<hr/>Params: <br/>array (
  ':__date_1' => '20170828',
  ':__uniacid_2' => 2,
  ':__module_3' => 'wesite',
)<hr/>SQL Error: <br/>Table 'njzhsq.ims_stat_visit' doesn't exist<hr/>Traces: <br/>file: /framework/class/db.class.php; line: 167; <br />file: /framework/class/db.class.php; line: 227; <br />file: /framework/function/pdo.func.php; line: 49; <br />file: /framework/model/app.mod.php; line: 54; <br />file: /app/source/utility/visit.ctrl.php; line: 9; <br />file: /app/index.php; line: 115; <br />

2017-08-28 11:13:26 SQL Error :
------------
String:
SQL: <br/>INSERT INTO `ims_stat_visit` SET `uniacid` =  :uniacid_1 , `module` =  :module_2 , `date` =  :date_3 , `count` =  :count_4<hr/>Params: <br/>array (
  ':uniacid_1' => 2,
  ':module_2' => 'wesite',
  ':date_3' => '20170828',
  ':count_4' => 1,
)<hr/>SQL Error: <br/>Table 'njzhsq.ims_stat_visit' doesn't exist<hr/>Traces: <br/>file: /framework/class/db.class.php; line: 115; <br />file: /framework/class/db.class.php; line: 285; <br />file: /framework/function/pdo.func.php; line: 71; <br />file: /framework/model/app.mod.php; line: 62; <br />file: /app/source/utility/visit.ctrl.php; line: 9; <br />file: /app/index.php; line: 115; <br />

2017-08-28 11:13:26 SQL Error :
------------
String:
SQL: <br/>SELECT * FROM `ims_stat_visit` WHERE `date` =  :__date_1 AND `uniacid` =  :__uniacid_2 AND `module` =  :__module_3  LIMIT 1<hr/>Params: <br/>array (
  ':__date_1' => '20170828',
  ':__uniacid_2' => 2,
  ':__module_3' => 'wesite',
)<hr/>SQL Error: <br/>Table 'njzhsq.ims_stat_visit' doesn't exist<hr/>Traces: <br/>file: /framework/class/db.class.php; line: 167; <br />file: /framework/class/db.class.php; line: 227; <br />file: /framework/function/pdo.func.php; line: 49; <br />file: /framework/model/app.mod.php; line: 54; <br />file: /app/source/utility/visit.ctrl.php; line: 9; <br />file: /app/index.php; line: 115; <br />

2017-08-28 11:13:26 SQL Error :
------------
String:
SQL: <br/>INSERT INTO `ims_stat_visit` SET `uniacid` =  :uniacid_1 , `module` =  :module_2 , `date` =  :date_3 , `count` =  :count_4<hr/>Params: <br/>array (
  ':uniacid_1' => 2,
  ':module_2' => 'wesite',
  ':date_3' => '20170828',
  ':count_4' => 1,
)<hr/>SQL Error: <br/>Table 'njzhsq.ims_stat_visit' doesn't exist<hr/>Traces: <br/>file: /framework/class/db.class.php; line: 115; <br />file: /framework/class/db.class.php; line: 285; <br />file: /framework/function/pdo.func.php; line: 71; <br />file: /framework/model/app.mod.php; line: 62; <br />file: /app/source/utility/visit.ctrl.php; line: 9; <br />file: /app/index.php; line: 115; <br />

2017-08-28 11:13:27 SQL Error :
------------
String:
SQL: <br/>SELECT * FROM `ims_stat_visit` WHERE `date` =  :__date_1 AND `uniacid` =  :__uniacid_2 AND `module` =  :__module_3  LIMIT 1<hr/>Params: <br/>array (
  ':__date_1' => '20170828',
  ':__uniacid_2' => 2,
  ':__module_3' => 'wesite',
)<hr/>SQL Error: <br/>Table 'njzhsq.ims_stat_visit' doesn't exist<hr/>Traces: <br/>file: /framework/class/db.class.php; line: 167; <br />file: /framework/class/db.class.php; line: 227; <br />file: /framework/function/pdo.func.php; line: 49; <br />file: /framework/model/app.mod.php; line: 54; <br />file: /app/source/utility/visit.ctrl.php; line: 9; <br />file: /app/index.php; line: 115; <br />

2017-08-28 11:13:27 SQL Error :
------------
String:
SQL: <br/>INSERT INTO `ims_stat_visit` SET `uniacid` =  :uniacid_1 , `module` =  :module_2 , `date` =  :date_3 , `count` =  :count_4<hr/>Params: <br/>array (
  ':uniacid_1' => 2,
  ':module_2' => 'wesite',
  ':date_3' => '20170828',
  ':count_4' => 1,
)<hr/>SQL Error: <br/>Table 'njzhsq.ims_stat_visit' doesn't exist<hr/>Traces: <br/>file: /framework/class/db.class.php; line: 115; <br />file: /framework/class/db.class.php; line: 285; <br />file: /framework/function/pdo.func.php; line: 71; <br />file: /framework/model/app.mod.php; line: 62; <br />file: /app/source/utility/visit.ctrl.php; line: 9; <br />file: /app/index.php; line: 115; <br />

2017-08-28 11:13:27 SQL Error :
------------
String:
SQL: <br/>SELECT * FROM `ims_stat_visit` WHERE `date` =  :__date_1 AND `uniacid` =  :__uniacid_2 AND `module` =  :__module_3  LIMIT 1<hr/>Params: <br/>array (
  ':__date_1' => '20170828',
  ':__uniacid_2' => 2,
  ':__module_3' => 'wesite',
)<hr/>SQL Error: <br/>Table 'njzhsq.ims_stat_visit' doesn't exist<hr/>Traces: <br/>file: /framework/class/db.class.php; line: 167; <br />file: /framework/class/db.class.php; line: 227; <br />file: /framework/function/pdo.func.php; line: 49; <br />file: /framework/model/app.mod.php; line: 54; <br />file: /app/source/utility/visit.ctrl.php; line: 9; <br />file: /app/index.php; line: 115; <br />

2017-08-28 11:13:27 SQL Error :
------------
String:
SQL: <br/>INSERT INTO `ims_stat_visit` SET `uniacid` =  :uniacid_1 , `module` =  :module_2 , `date` =  :date_3 , `count` =  :count_4<hr/>Params: <br/>array (
  ':uniacid_1' => 2,
  ':module_2' => 'wesite',
  ':date_3' => '20170828',
  ':count_4' => 1,
)<hr/>SQL Error: <br/>Table 'njzhsq.ims_stat_visit' doesn't exist<hr/>Traces: <br/>file: /framework/class/db.class.php; line: 115; <br />file: /framework/class/db.class.php; line: 285; <br />file: /framework/function/pdo.func.php; line: 71; <br />file: /framework/model/app.mod.php; line: 62; <br />file: /app/source/utility/visit.ctrl.php; line: 9; <br />file: /app/index.php; line: 115; <br />

2017-08-28 11:13:27 SQL Error :
------------
String:
SQL: <br/>SELECT * FROM `ims_stat_visit` WHERE `date` =  :__date_1 AND `uniacid` =  :__uniacid_2 AND `module` =  :__module_3  LIMIT 1<hr/>Params: <br/>array (
  ':__date_1' => '20170828',
  ':__uniacid_2' => 2,
  ':__module_3' => 'wesite',
)<hr/>SQL Error: <br/>Table 'njzhsq.ims_stat_visit' doesn't exist<hr/>Traces: <br/>file: /framework/class/db.class.php; line: 167; <br />file: /framework/class/db.class.php; line: 227; <br />file: /framework/function/pdo.func.php; line: 49; <br />file: /framework/model/app.mod.php; line: 54; <br />file: /app/source/utility/visit.ctrl.php; line: 9; <br />file: /app/index.php; line: 115; <br />

2017-08-28 11:13:27 SQL Error :
------------
String:
SQL: <br/>INSERT INTO `ims_stat_visit` SET `uniacid` =  :uniacid_1 , `module` =  :module_2 , `date` =  :date_3 , `count` =  :count_4<hr/>Params: <br/>array (
  ':uniacid_1' => 2,
  ':module_2' => 'wesite',
  ':date_3' => '20170828',
  ':count_4' => 1,
)<hr/>SQL Error: <br/>Table 'njzhsq.ims_stat_visit' doesn't exist<hr/>Traces: <br/>file: /framework/class/db.class.php; line: 115; <br />file: /framework/class/db.class.php; line: 285; <br />file: /framework/function/pdo.func.php; line: 71; <br />file: /framework/model/app.mod.php; line: 62; <br />file: /app/source/utility/visit.ctrl.php; line: 9; <br />file: /app/index.php; line: 115; <br />

2017-08-28 11:13:28 SQL Error :
------------
String:
SQL: <br/>SELECT * FROM `ims_stat_visit` WHERE `date` =  :__date_1 AND `uniacid` =  :__uniacid_2 AND `module` =  :__module_3  LIMIT 1<hr/>Params: <br/>array (
  ':__date_1' => '20170828',
  ':__uniacid_2' => 2,
  ':__module_3' => 'wesite',
)<hr/>SQL Error: <br/>Table 'njzhsq.ims_stat_visit' doesn't exist<hr/>Traces: <br/>file: /framework/class/db.class.php; line: 167; <br />file: /framework/class/db.class.php; line: 227; <br />file: /framework/function/pdo.func.php; line: 49; <br />file: /framework/model/app.mod.php; line: 54; <br />file: /app/source/utility/visit.ctrl.php; line: 9; <br />file: /app/index.php; line: 115; <br />

2017-08-28 11:13:28 SQL Error :
------------
String:
SQL: <br/>INSERT INTO `ims_stat_visit` SET `uniacid` =  :uniacid_1 , `module` =  :module_2 , `date` =  :date_3 , `count` =  :count_4<hr/>Params: <br/>array (
  ':uniacid_1' => 2,
  ':module_2' => 'wesite',
  ':date_3' => '20170828',
  ':count_4' => 1,
)<hr/>SQL Error: <br/>Table 'njzhsq.ims_stat_visit' doesn't exist<hr/>Traces: <br/>file: /framework/class/db.class.php; line: 115; <br />file: /framework/class/db.class.php; line: 285; <br />file: /framework/function/pdo.func.php; line: 71; <br />file: /framework/model/app.mod.php; line: 62; <br />file: /app/source/utility/visit.ctrl.php; line: 9; <br />file: /app/index.php; line: 115; <br />

2017-08-28 11:13:28 SQL Error :
------------
String:
SQL: <br/>SELECT * FROM `ims_stat_visit` WHERE `date` =  :__date_1 AND `uniacid` =  :__uniacid_2 AND `module` =  :__module_3  LIMIT 1<hr/>Params: <br/>array (
  ':__date_1' => '20170828',
  ':__uniacid_2' => 2,
  ':__module_3' => 'wesite',
)<hr/>SQL Error: <br/>Table 'njzhsq.ims_stat_visit' doesn't exist<hr/>Traces: <br/>file: /framework/class/db.class.php; line: 167; <br />file: /framework/class/db.class.php; line: 227; <br />file: /framework/function/pdo.func.php; line: 49; <br />file: /framework/model/app.mod.php; line: 54; <br />file: /app/source/utility/visit.ctrl.php; line: 9; <br />file: /app/index.php; line: 115; <br />

2017-08-28 11:13:28 SQL Error :
------------
String:
SQL: <br/>INSERT INTO `ims_stat_visit` SET `uniacid` =  :uniacid_1 , `module` =  :module_2 , `date` =  :date_3 , `count` =  :count_4<hr/>Params: <br/>array (
  ':uniacid_1' => 2,
  ':module_2' => 'wesite',
  ':date_3' => '20170828',
  ':count_4' => 1,
)<hr/>SQL Error: <br/>Table 'njzhsq.ims_stat_visit' doesn't exist<hr/>Traces: <br/>file: /framework/class/db.class.php; line: 115; <br />file: /framework/class/db.class.php; line: 285; <br />file: /framework/function/pdo.func.php; line: 71; <br />file: /framework/model/app.mod.php; line: 62; <br />file: /app/source/utility/visit.ctrl.php; line: 9; <br />file: /app/index.php; line: 115; <br />

2017-08-28 11:13:30 SQL Error :
------------
String:
SQL: <br/>SELECT * FROM `ims_stat_visit` WHERE `date` =  :__date_1 AND `uniacid` =  :__uniacid_2 AND `module` =  :__module_3  LIMIT 1<hr/>Params: <br/>array (
  ':__date_1' => '20170828',
  ':__uniacid_2' => 2,
  ':__module_3' => 'wesite',
)<hr/>SQL Error: <br/>Table 'njzhsq.ims_stat_visit' doesn't exist<hr/>Traces: <br/>file: /framework/class/db.class.php; line: 167; <br />file: /framework/class/db.class.php; line: 227; <br />file: /framework/function/pdo.func.php; line: 49; <br />file: /framework/model/app.mod.php; line: 54; <br />file: /app/source/utility/visit.ctrl.php; line: 9; <br />file: /app/index.php; line: 115; <br />

2017-08-28 11:13:30 SQL Error :
------------
String:
SQL: <br/>INSERT INTO `ims_stat_visit` SET `uniacid` =  :uniacid_1 , `module` =  :module_2 , `date` =  :date_3 , `count` =  :count_4<hr/>Params: <br/>array (
  ':uniacid_1' => 2,
  ':module_2' => 'wesite',
  ':date_3' => '20170828',
  ':count_4' => 1,
)<hr/>SQL Error: <br/>Table 'njzhsq.ims_stat_visit' doesn't exist<hr/>Traces: <br/>file: /framework/class/db.class.php; line: 115; <br />file: /framework/class/db.class.php; line: 285; <br />file: /framework/function/pdo.func.php; line: 71; <br />file: /framework/model/app.mod.php; line: 62; <br />file: /app/source/utility/visit.ctrl.php; line: 9; <br />file: /app/index.php; line: 115; <br />

