2017-09-26 15:57:48 trace :
------------
String:
<xml><ToUserName><![CDATA[gh_0c2d3a9066f5]]></ToUserName>
<FromUserName><![CDATA[oNjw9wib4rWXgYgeFDu_Wi_ZizSQ]]></FromUserName>
<CreateTime>1506412667</CreateTime>
<MsgType><![CDATA[event]]></MsgType>
<Event><![CDATA[VIEW]]></Event>
<EventKey><![CDATA[http://wuye.iot-gj.cn/app/index.php?i=2&c=entry&eid=9]]></EventKey>
<MenuId>412892016</MenuId>
</xml>

2017-09-26 15:57:48 params :
------------
String:
array (
  'rule' => -2,
  'module' => '',
  'message' => 
  array (
    'tousername' => 'gh_0c2d3a9066f5',
    'fromusername' => 'oNjw9wib4rWXgYgeFDu_Wi_ZizSQ',
    'createtime' => '1506412667',
    'msgtype' => 'event',
    'event' => 'VIEW',
    'eventkey' => 'http://wuye.iot-gj.cn/app/index.php?i=2&c=entry&eid=9',
    'menuid' => '412892016',
    'from' => 'oNjw9wib4rWXgYgeFDu_Wi_ZizSQ',
    'to' => 'gh_0c2d3a9066f5',
    'time' => '1506412667',
    'type' => 'text',
    'content' => 'http://wuye.iot-gj.cn/app/index.php?i=2&c=entry&eid=9',
    'redirection' => true,
    'source' => 'VIEW',
  ),
)

2017-09-26 15:57:48 response :
------------

