2017-09-16 15:58:45 trace :
------------
String:
<xml><ToUserName><![CDATA[gh_0c2d3a9066f5]]></ToUserName>
<FromUserName><![CDATA[oNjw9wsCO53_LRoiYXQYyqMZr6lo]]></FromUserName>
<CreateTime>1505548724</CreateTime>
<MsgType><![CDATA[event]]></MsgType>
<Event><![CDATA[VIEW]]></Event>
<EventKey><![CDATA[http://wuye.iot-gj.cn/app/index.php?i=2&c=entry&eid=9]]></EventKey>
<MenuId>412892016</MenuId>
</xml>

2017-09-16 15:58:45 params :
------------
String:
array (
  'rule' => -2,
  'module' => '',
  'message' => 
  array (
    'tousername' => 'gh_0c2d3a9066f5',
    'fromusername' => 'oNjw9wsCO53_LRoiYXQYyqMZr6lo',
    'createtime' => '1505548724',
    'msgtype' => 'event',
    'event' => 'VIEW',
    'eventkey' => 'http://wuye.iot-gj.cn/app/index.php?i=2&c=entry&eid=9',
    'menuid' => '412892016',
    'from' => 'oNjw9wsCO53_LRoiYXQYyqMZr6lo',
    'to' => 'gh_0c2d3a9066f5',
    'time' => '1505548724',
    'type' => 'text',
    'content' => 'http://wuye.iot-gj.cn/app/index.php?i=2&c=entry&eid=9',
    'redirection' => true,
    'source' => 'VIEW',
  ),
)

2017-09-16 15:58:45 response :
------------

2017-09-16 19:56:04 trace :
------------
String:
<xml><ToUserName><![CDATA[gh_0c2d3a9066f5]]></ToUserName>
<FromUserName><![CDATA[oNjw9wiHUT24ks-VP5her_QYjGJY]]></FromUserName>
<CreateTime>1505562964</CreateTime>
<MsgType><![CDATA[event]]></MsgType>
<Event><![CDATA[VIEW]]></Event>
<EventKey><![CDATA[http://wuye.iot-gj.cn/app/index.php?i=2&c=entry&eid=1]]></EventKey>
<MenuId>412892016</MenuId>
</xml>

2017-09-16 19:56:04 params :
------------
String:
array (
  'rule' => -2,
  'module' => '',
  'message' => 
  array (
    'tousername' => 'gh_0c2d3a9066f5',
    'fromusername' => 'oNjw9wiHUT24ks-VP5her_QYjGJY',
    'createtime' => '1505562964',
    'msgtype' => 'event',
    'event' => 'VIEW',
    'eventkey' => 'http://wuye.iot-gj.cn/app/index.php?i=2&c=entry&eid=1',
    'menuid' => '412892016',
    'from' => 'oNjw9wiHUT24ks-VP5her_QYjGJY',
    'to' => 'gh_0c2d3a9066f5',
    'time' => '1505562964',
    'type' => 'text',
    'content' => 'http://wuye.iot-gj.cn/app/index.php?i=2&c=entry&eid=1',
    'redirection' => true,
    'source' => 'VIEW',
  ),
)

2017-09-16 19:56:04 response :
------------

2017-09-16 23:05:31 trace :
------------
String:
<xml><ToUserName><![CDATA[gh_0c2d3a9066f5]]></ToUserName>
<FromUserName><![CDATA[oNjw9wqOZStEvbG6suK3aaeJO2wI]]></FromUserName>
<CreateTime>1505574330</CreateTime>
<MsgType><![CDATA[event]]></MsgType>
<Event><![CDATA[VIEW]]></Event>
<EventKey><![CDATA[http://wuye.iot-gj.cn/app/index.php?i=2&c=entry&eid=1]]></EventKey>
<MenuId>412892016</MenuId>
</xml>

2017-09-16 23:05:31 params :
------------
String:
array (
  'rule' => -2,
  'module' => '',
  'message' => 
  array (
    'tousername' => 'gh_0c2d3a9066f5',
    'fromusername' => 'oNjw9wqOZStEvbG6suK3aaeJO2wI',
    'createtime' => '1505574330',
    'msgtype' => 'event',
    'event' => 'VIEW',
    'eventkey' => 'http://wuye.iot-gj.cn/app/index.php?i=2&c=entry&eid=1',
    'menuid' => '412892016',
    'from' => 'oNjw9wqOZStEvbG6suK3aaeJO2wI',
    'to' => 'gh_0c2d3a9066f5',
    'time' => '1505574330',
    'type' => 'text',
    'content' => 'http://wuye.iot-gj.cn/app/index.php?i=2&c=entry&eid=1',
    'redirection' => true,
    'source' => 'VIEW',
  ),
)

2017-09-16 23:05:31 response :
------------

2017-09-16 23:12:02 trace :
------------
String:
<xml><ToUserName><![CDATA[gh_0c2d3a9066f5]]></ToUserName>
<FromUserName><![CDATA[oNjw9wgT3PmexxhTKxz_hz2pG44U]]></FromUserName>
<CreateTime>1505574721</CreateTime>
<MsgType><![CDATA[event]]></MsgType>
<Event><![CDATA[subscribe]]></Event>
<EventKey><![CDATA[]]></EventKey>
</xml>

2017-09-16 23:12:02 params :
------------
String:
array (
  'rule' => -2,
  'module' => '',
  'message' => 
  array (
    'tousername' => 'gh_0c2d3a9066f5',
    'fromusername' => 'oNjw9wgT3PmexxhTKxz_hz2pG44U',
    'createtime' => '1505574721',
    'msgtype' => 'event',
    'event' => 'subscribe',
    'eventkey' => '',
    'from' => 'oNjw9wgT3PmexxhTKxz_hz2pG44U',
    'to' => 'gh_0c2d3a9066f5',
    'time' => '1505574721',
    'type' => 'text',
    'redirection' => true,
    'source' => 'subscribe',
  ),
)

2017-09-16 23:12:02 response :
------------

2017-09-16 23:12:08 trace :
------------
String:
<xml><ToUserName><![CDATA[gh_0c2d3a9066f5]]></ToUserName>
<FromUserName><![CDATA[oNjw9wgT3PmexxhTKxz_hz2pG44U]]></FromUserName>
<CreateTime>1505574727</CreateTime>
<MsgType><![CDATA[event]]></MsgType>
<Event><![CDATA[VIEW]]></Event>
<EventKey><![CDATA[http://wuye.iot-gj.cn/app/index.php?i=2&c=entry&eid=9]]></EventKey>
<MenuId>412892016</MenuId>
</xml>

2017-09-16 23:12:08 params :
------------
String:
array (
  'rule' => -2,
  'module' => '',
  'message' => 
  array (
    'tousername' => 'gh_0c2d3a9066f5',
    'fromusername' => 'oNjw9wgT3PmexxhTKxz_hz2pG44U',
    'createtime' => '1505574727',
    'msgtype' => 'event',
    'event' => 'VIEW',
    'eventkey' => 'http://wuye.iot-gj.cn/app/index.php?i=2&c=entry&eid=9',
    'menuid' => '412892016',
    'from' => 'oNjw9wgT3PmexxhTKxz_hz2pG44U',
    'to' => 'gh_0c2d3a9066f5',
    'time' => '1505574727',
    'type' => 'text',
    'content' => 'http://wuye.iot-gj.cn/app/index.php?i=2&c=entry&eid=9',
    'redirection' => true,
    'source' => 'VIEW',
  ),
)

2017-09-16 23:12:08 response :
------------

2017-09-16 23:12:21 trace :
------------
String:
<xml><ToUserName><![CDATA[gh_0c2d3a9066f5]]></ToUserName>
<FromUserName><![CDATA[oNjw9wgT3PmexxhTKxz_hz2pG44U]]></FromUserName>
<CreateTime>1505574740</CreateTime>
<MsgType><![CDATA[event]]></MsgType>
<Event><![CDATA[VIEW]]></Event>
<EventKey><![CDATA[http://wuye.iot-gj.cn/app/index.php?i=2&c=entry&eid=1]]></EventKey>
<MenuId>412892016</MenuId>
</xml>

2017-09-16 23:12:21 params :
------------
String:
array (
  'rule' => -2,
  'module' => '',
  'message' => 
  array (
    'tousername' => 'gh_0c2d3a9066f5',
    'fromusername' => 'oNjw9wgT3PmexxhTKxz_hz2pG44U',
    'createtime' => '1505574740',
    'msgtype' => 'event',
    'event' => 'VIEW',
    'eventkey' => 'http://wuye.iot-gj.cn/app/index.php?i=2&c=entry&eid=1',
    'menuid' => '412892016',
    'from' => 'oNjw9wgT3PmexxhTKxz_hz2pG44U',
    'to' => 'gh_0c2d3a9066f5',
    'time' => '1505574740',
    'type' => 'text',
    'content' => 'http://wuye.iot-gj.cn/app/index.php?i=2&c=entry&eid=1',
    'redirection' => true,
    'source' => 'VIEW',
  ),
)

2017-09-16 23:12:21 response :
------------

2017-09-16 23:12:32 trace :
------------
String:
<xml><ToUserName><![CDATA[gh_0c2d3a9066f5]]></ToUserName>
<FromUserName><![CDATA[oNjw9wgT3PmexxhTKxz_hz2pG44U]]></FromUserName>
<CreateTime>1505574752</CreateTime>
<MsgType><![CDATA[event]]></MsgType>
<Event><![CDATA[VIEW]]></Event>
<EventKey><![CDATA[http://wuye.iot-gj.cn/app/index.php?i=2&c=entry&eid=14]]></EventKey>
<MenuId>412892016</MenuId>
</xml>

2017-09-16 23:12:32 params :
------------
String:
array (
  'rule' => -2,
  'module' => '',
  'message' => 
  array (
    'tousername' => 'gh_0c2d3a9066f5',
    'fromusername' => 'oNjw9wgT3PmexxhTKxz_hz2pG44U',
    'createtime' => '1505574752',
    'msgtype' => 'event',
    'event' => 'VIEW',
    'eventkey' => 'http://wuye.iot-gj.cn/app/index.php?i=2&c=entry&eid=14',
    'menuid' => '412892016',
    'from' => 'oNjw9wgT3PmexxhTKxz_hz2pG44U',
    'to' => 'gh_0c2d3a9066f5',
    'time' => '1505574752',
    'type' => 'text',
    'content' => 'http://wuye.iot-gj.cn/app/index.php?i=2&c=entry&eid=14',
    'redirection' => true,
    'source' => 'VIEW',
  ),
)

2017-09-16 23:12:32 response :
------------

2017-09-16 23:12:40 trace :
------------
String:
<xml><ToUserName><![CDATA[gh_0c2d3a9066f5]]></ToUserName>
<FromUserName><![CDATA[oNjw9wgT3PmexxhTKxz_hz2pG44U]]></FromUserName>
<CreateTime>1505574759</CreateTime>
<MsgType><![CDATA[event]]></MsgType>
<Event><![CDATA[VIEW]]></Event>
<EventKey><![CDATA[http://wuye.iot-gj.cn/app/index.php?i=2&c=entry&eid=4]]></EventKey>
<MenuId>412892016</MenuId>
</xml>

2017-09-16 23:12:40 params :
------------
String:
array (
  'rule' => -2,
  'module' => '',
  'message' => 
  array (
    'tousername' => 'gh_0c2d3a9066f5',
    'fromusername' => 'oNjw9wgT3PmexxhTKxz_hz2pG44U',
    'createtime' => '1505574759',
    'msgtype' => 'event',
    'event' => 'VIEW',
    'eventkey' => 'http://wuye.iot-gj.cn/app/index.php?i=2&c=entry&eid=4',
    'menuid' => '412892016',
    'from' => 'oNjw9wgT3PmexxhTKxz_hz2pG44U',
    'to' => 'gh_0c2d3a9066f5',
    'time' => '1505574759',
    'type' => 'text',
    'content' => 'http://wuye.iot-gj.cn/app/index.php?i=2&c=entry&eid=4',
    'redirection' => true,
    'source' => 'VIEW',
  ),
)

2017-09-16 23:12:40 response :
------------

2017-09-16 23:58:39 trace :
------------
String:
<xml><ToUserName><![CDATA[gh_0c2d3a9066f5]]></ToUserName>
<FromUserName><![CDATA[oNjw9wrTnkinoSkdRx7nsRYBKxZQ]]></FromUserName>
<CreateTime>1505577518</CreateTime>
<MsgType><![CDATA[event]]></MsgType>
<Event><![CDATA[subscribe]]></Event>
<EventKey><![CDATA[]]></EventKey>
</xml>

2017-09-16 23:58:39 params :
------------
String:
array (
  'rule' => -2,
  'module' => '',
  'message' => 
  array (
    'tousername' => 'gh_0c2d3a9066f5',
    'fromusername' => 'oNjw9wrTnkinoSkdRx7nsRYBKxZQ',
    'createtime' => '1505577518',
    'msgtype' => 'event',
    'event' => 'subscribe',
    'eventkey' => '',
    'from' => 'oNjw9wrTnkinoSkdRx7nsRYBKxZQ',
    'to' => 'gh_0c2d3a9066f5',
    'time' => '1505577518',
    'type' => 'text',
    'redirection' => true,
    'source' => 'subscribe',
  ),
)

2017-09-16 23:58:39 response :
------------

2017-09-16 23:59:33 trace :
------------
String:
<xml><ToUserName><![CDATA[gh_0c2d3a9066f5]]></ToUserName>
<FromUserName><![CDATA[oNjw9wrTnkinoSkdRx7nsRYBKxZQ]]></FromUserName>
<CreateTime>1505577572</CreateTime>
<MsgType><![CDATA[event]]></MsgType>
<Event><![CDATA[VIEW]]></Event>
<EventKey><![CDATA[http://wuye.iot-gj.cn/app/index.php?i=2&c=entry&eid=7]]></EventKey>
<MenuId>412892016</MenuId>
</xml>

2017-09-16 23:59:33 params :
------------
String:
array (
  'rule' => -2,
  'module' => '',
  'message' => 
  array (
    'tousername' => 'gh_0c2d3a9066f5',
    'fromusername' => 'oNjw9wrTnkinoSkdRx7nsRYBKxZQ',
    'createtime' => '1505577572',
    'msgtype' => 'event',
    'event' => 'VIEW',
    'eventkey' => 'http://wuye.iot-gj.cn/app/index.php?i=2&c=entry&eid=7',
    'menuid' => '412892016',
    'from' => 'oNjw9wrTnkinoSkdRx7nsRYBKxZQ',
    'to' => 'gh_0c2d3a9066f5',
    'time' => '1505577572',
    'type' => 'text',
    'content' => 'http://wuye.iot-gj.cn/app/index.php?i=2&c=entry&eid=7',
    'redirection' => true,
    'source' => 'VIEW',
  ),
)

2017-09-16 23:59:33 response :
------------

