2017-09-20 09:04:37 trace :
------------
String:
<xml><ToUserName><![CDATA[gh_0c2d3a9066f5]]></ToUserName>
<FromUserName><![CDATA[oNjw9wqWBsgRd7zoXDyh6GdK6Qjc]]></FromUserName>
<CreateTime>1505869476</CreateTime>
<MsgType><![CDATA[event]]></MsgType>
<Event><![CDATA[VIEW]]></Event>
<EventKey><![CDATA[http://wuye.iot-gj.cn/app/index.php?i=2&c=entry&eid=9]]></EventKey>
<MenuId>412892016</MenuId>
</xml>

2017-09-20 09:04:37 params :
------------
String:
array (
  'rule' => -2,
  'module' => '',
  'message' => 
  array (
    'tousername' => 'gh_0c2d3a9066f5',
    'fromusername' => 'oNjw9wqWBsgRd7zoXDyh6GdK6Qjc',
    'createtime' => '1505869476',
    'msgtype' => 'event',
    'event' => 'VIEW',
    'eventkey' => 'http://wuye.iot-gj.cn/app/index.php?i=2&c=entry&eid=9',
    'menuid' => '412892016',
    'from' => 'oNjw9wqWBsgRd7zoXDyh6GdK6Qjc',
    'to' => 'gh_0c2d3a9066f5',
    'time' => '1505869476',
    'type' => 'text',
    'content' => 'http://wuye.iot-gj.cn/app/index.php?i=2&c=entry&eid=9',
    'redirection' => true,
    'source' => 'VIEW',
  ),
)

2017-09-20 09:04:37 response :
------------

2017-09-20 15:14:34 trace :
------------
String:
<xml><ToUserName><![CDATA[gh_0c2d3a9066f5]]></ToUserName>
<FromUserName><![CDATA[oNjw9wqBwdIFv_ojqe4XnX1YPUrA]]></FromUserName>
<CreateTime>1505891670</CreateTime>
<MsgType><![CDATA[event]]></MsgType>
<Event><![CDATA[VIEW]]></Event>
<EventKey><![CDATA[http://wuye.iot-gj.cn/app/index.php?i=2&c=entry&eid=9]]></EventKey>
<MenuId>412892016</MenuId>
</xml>

2017-09-20 15:14:34 params :
------------
String:
array (
  'rule' => -2,
  'module' => '',
  'message' => 
  array (
    'tousername' => 'gh_0c2d3a9066f5',
    'fromusername' => 'oNjw9wqBwdIFv_ojqe4XnX1YPUrA',
    'createtime' => '1505891670',
    'msgtype' => 'event',
    'event' => 'VIEW',
    'eventkey' => 'http://wuye.iot-gj.cn/app/index.php?i=2&c=entry&eid=9',
    'menuid' => '412892016',
    'from' => 'oNjw9wqBwdIFv_ojqe4XnX1YPUrA',
    'to' => 'gh_0c2d3a9066f5',
    'time' => '1505891670',
    'type' => 'text',
    'content' => 'http://wuye.iot-gj.cn/app/index.php?i=2&c=entry&eid=9',
    'redirection' => true,
    'source' => 'VIEW',
  ),
)

2017-09-20 15:14:34 response :
------------

2017-09-20 16:21:43 trace :
------------
String:
<xml><ToUserName><![CDATA[gh_0c2d3a9066f5]]></ToUserName>
<FromUserName><![CDATA[oNjw9wsCO53_LRoiYXQYyqMZr6lo]]></FromUserName>
<CreateTime>1505895702</CreateTime>
<MsgType><![CDATA[event]]></MsgType>
<Event><![CDATA[VIEW]]></Event>
<EventKey><![CDATA[http://wuye.iot-gj.cn/app/index.php?i=2&c=entry&eid=9]]></EventKey>
<MenuId>412892016</MenuId>
</xml>

2017-09-20 16:21:43 params :
------------
String:
array (
  'rule' => -2,
  'module' => '',
  'message' => 
  array (
    'tousername' => 'gh_0c2d3a9066f5',
    'fromusername' => 'oNjw9wsCO53_LRoiYXQYyqMZr6lo',
    'createtime' => '1505895702',
    'msgtype' => 'event',
    'event' => 'VIEW',
    'eventkey' => 'http://wuye.iot-gj.cn/app/index.php?i=2&c=entry&eid=9',
    'menuid' => '412892016',
    'from' => 'oNjw9wsCO53_LRoiYXQYyqMZr6lo',
    'to' => 'gh_0c2d3a9066f5',
    'time' => '1505895702',
    'type' => 'text',
    'content' => 'http://wuye.iot-gj.cn/app/index.php?i=2&c=entry&eid=9',
    'redirection' => true,
    'source' => 'VIEW',
  ),
)

2017-09-20 16:21:43 response :
------------

